[0.339s] Invoking command in '/workspace/colcon_ws/build/kiss_icp': CMAKE_PREFIX_PATH=/opt/ros/humble /usr/local/bin/cmake --build /workspace/colcon_ws/build/kiss_icp -- -j16 -l16
[2.507s] [ 14%] Built target kiss_icp_metrics
[2.817s] [ 28%] Built target kiss_icp_node
[3.835s] [ 71%] Built target kiss_icp_core
[4.870s] [ 85%] Built target kiss_icp_pipeline
[6.531s] [100%] Built target odometry_component
[6.665s] Invoked command in '/workspace/colcon_ws/build/kiss_icp' returned '0': CMAKE_PREFIX_PATH=/opt/ros/humble /usr/local/bin/cmake --build /workspace/colcon_ws/build/kiss_icp -- -j16 -l16
[6.739s] Invoking command in '/workspace/colcon_ws/build/kiss_icp': CMAKE_PREFIX_PATH=/opt/ros/humble /usr/local/bin/cmake --install /workspace/colcon_ws/build/kiss_icp
[6.779s] -- Install configuration: "Release"
[7.009s] -- Up-to-date: /workspace/colcon_ws/install/kiss_icp/lib/kiss_icp/kiss_icp_node
[7.206s] -- Up-to-date: /workspace/colcon_ws/install/kiss_icp/lib/libodometry_component.so
[7.319s] -- Up-to-date: /workspace/colcon_ws/install/kiss_icp/share/kiss_icp//launch
[7.388s] -- Up-to-date: /workspace/colcon_ws/install/kiss_icp/share/kiss_icp//launch/odometry.launch.py
[7.429s] -- Up-to-date: /workspace/colcon_ws/install/kiss_icp/share/kiss_icp//rviz
[7.495s] -- Up-to-date: /workspace/colcon_ws/install/kiss_icp/share/kiss_icp//rviz/kiss_icp.rviz
[7.578s] -- Up-to-date: /workspace/colcon_ws/install/kiss_icp/share/ament_index/resource_index/package_run_dependencies/kiss_icp
[7.647s] -- Up-to-date: /workspace/colcon_ws/install/kiss_icp/share/ament_index/resource_index/parent_prefix_path/kiss_icp
[7.686s] -- Up-to-date: /workspace/colcon_ws/install/kiss_icp/share/kiss_icp/environment/ament_prefix_path.sh
[7.732s] -- Up-to-date: /workspace/colcon_ws/install/kiss_icp/share/kiss_icp/environment/ament_prefix_path.dsv
[7.764s] -- Up-to-date: /workspace/colcon_ws/install/kiss_icp/share/kiss_icp/environment/path.sh
[7.807s] -- Up-to-date: /workspace/colcon_ws/install/kiss_icp/share/kiss_icp/environment/path.dsv
[7.846s] -- Up-to-date: /workspace/colcon_ws/install/kiss_icp/share/kiss_icp/local_setup.bash
[7.885s] -- Up-to-date: /workspace/colcon_ws/install/kiss_icp/share/kiss_icp/local_setup.sh
[7.924s] -- Up-to-date: /workspace/colcon_ws/install/kiss_icp/share/kiss_icp/local_setup.zsh
[7.963s] -- Up-to-date: /workspace/colcon_ws/install/kiss_icp/share/kiss_icp/local_setup.dsv
[7.999s] -- Installing: /workspace/colcon_ws/install/kiss_icp/share/kiss_icp/package.dsv
[8.151s] -- Up-to-date: /workspace/colcon_ws/install/kiss_icp/share/ament_index/resource_index/packages/kiss_icp
[8.246s] -- Up-to-date: /workspace/colcon_ws/install/kiss_icp/share/ament_index/resource_index/rclcpp_components/kiss_icp
[8.300s] -- Up-to-date: /workspace/colcon_ws/install/kiss_icp/share/kiss_icp/cmake/kiss_icpConfig.cmake
[8.337s] -- Up-to-date: /workspace/colcon_ws/install/kiss_icp/share/kiss_icp/cmake/kiss_icpConfig-version.cmake
[8.388s] -- Up-to-date: /workspace/colcon_ws/install/kiss_icp/share/kiss_icp/package.xml
[8.412s] Invoked command in '/workspace/colcon_ws/build/kiss_icp' returned '0': CMAKE_PREFIX_PATH=/opt/ros/humble /usr/local/bin/cmake --install /workspace/colcon_ws/build/kiss_icp
