[7.002s] Invoking command in '/workspace/colcon_ws/build/lidar_calibration': PYTHONPATH=/workspace/colcon_ws/build/lidar_calibration/prefix_override:/usr/lib/python3/dist-packages/colcon_core/task/python/colcon_distutils_commands:/workspace/colcon_ws/install/lidar_calibration/lib/python3.10/site-packages:${PYTHONPATH} /usr/bin/python3 -W ignore:setup.py install is deprecated -W ignore:easy_install command is deprecated setup.py develop --editable --build-directory /workspace/colcon_ws/build/lidar_calibration/build --no-deps symlink_data
[9.838s] running develop
[10.653s] running egg_info
[10.656s] creating lidar_calibration.egg-info
[10.660s] writing lidar_calibration.egg-info/PKG-INFO
[10.685s] writing dependency_links to lidar_calibration.egg-info/dependency_links.txt
[10.698s] writing entry points to lidar_calibration.egg-info/entry_points.txt
[10.709s] writing requirements to lidar_calibration.egg-info/requires.txt
[10.716s] writing top-level names to lidar_calibration.egg-info/top_level.txt
[10.757s] writing manifest file 'lidar_calibration.egg-info/SOURCES.txt'
[10.899s] reading manifest file 'lidar_calibration.egg-info/SOURCES.txt'
[11.056s] writing manifest file 'lidar_calibration.egg-info/SOURCES.txt'
[11.099s] running build_ext
[11.102s] Creating /workspace/colcon_ws/install/lidar_calibration/lib/python3.10/site-packages/lidar-calibration.egg-link (link to .)
[11.163s] Installing lidar_calibration_node script to /workspace/colcon_ws/install/lidar_calibration/lib/lidar_calibration
[11.202s] Installing uncalibrated_node script to /workspace/colcon_ws/install/lidar_calibration/lib/lidar_calibration
[11.259s] 
[11.262s] Installed /workspace/colcon_ws/build/lidar_calibration
[11.269s] running symlink_data
[11.290s] creating /workspace/colcon_ws/install/lidar_calibration/share/ament_index
[11.298s] creating /workspace/colcon_ws/install/lidar_calibration/share/ament_index/resource_index
[11.307s] creating /workspace/colcon_ws/install/lidar_calibration/share/ament_index/resource_index/packages
[11.350s] symbolically linking /workspace/colcon_ws/build/lidar_calibration/resource/lidar_calibration -> /workspace/colcon_ws/install/lidar_calibration/share/ament_index/resource_index/packages
[11.402s] symbolically linking /workspace/colcon_ws/build/lidar_calibration/package.xml -> /workspace/colcon_ws/install/lidar_calibration/share/lidar_calibration
[11.506s] Invoked command in '/workspace/colcon_ws/build/lidar_calibration' returned '0': PYTHONPATH=/workspace/colcon_ws/build/lidar_calibration/prefix_override:/usr/lib/python3/dist-packages/colcon_core/task/python/colcon_distutils_commands:/workspace/colcon_ws/install/lidar_calibration/lib/python3.10/site-packages:${PYTHONPATH} /usr/bin/python3 -W ignore:setup.py install is deprecated -W ignore:easy_install command is deprecated setup.py develop --editable --build-directory /workspace/colcon_ws/build/lidar_calibration/build --no-deps symlink_data
