[1.805s] DEBUG:colcon:Command line arguments: ['/usr/bin/colcon', 'build', '--packages-select', 'lidar_calibration', '--symlink-install']
[1.806s] DEBUG:colcon:Parsed command line arguments: Namespace(log_base=None, log_level=None, verb_name='build', build_base='build', install_base='install', merge_install=False, symlink_install=True, test_result_base=None, continue_on_error=False, executor='parallel', parallel_workers=16, event_handlers=None, ignore_user_meta=False, metas=['./colcon.meta'], base_paths=['.'], packages_ignore=None, packages_ignore_regex=None, paths=None, packages_up_to=None, packages_up_to_regex=None, packages_above=None, packages_above_and_dependencies=None, packages_above_depth=None, packages_select_by_dep=None, packages_skip_by_dep=None, packages_skip_up_to=None, packages_select_build_failed=False, packages_skip_build_finished=False, packages_select_test_failures=False, packages_skip_test_passed=False, packages_select=['lidar_calibration'], packages_skip=None, packages_select_regex=None, packages_skip_regex=None, packages_start=None, packages_end=None, allow_overriding=[], cmake_args=None, cmake_target=None, cmake_target_skip_unavailable=False, cmake_clean_cache=False, cmake_clean_first=False, cmake_force_configure=False, ament_cmake_args=None, catkin_cmake_args=None, catkin_skip_building_tests=False, verb_parser=<colcon_defaults.argument_parser.defaults.DefaultArgumentsDecorator object at 0x7fdcc32160b0>, verb_extension=<colcon_core.verb.build.BuildVerb object at 0x7fdcc3215b70>, main=<bound method BuildVerb.main of <colcon_core.verb.build.BuildVerb object at 0x7fdcc3215b70>>)
[2.323s] Level 1:colcon.colcon_core.package_discovery:discover_packages(colcon_meta) check parameters
[2.325s] Level 1:colcon.colcon_core.package_discovery:discover_packages(recursive) check parameters
[2.326s] Level 1:colcon.colcon_core.package_discovery:discover_packages(ignore) check parameters
[2.327s] Level 1:colcon.colcon_core.package_discovery:discover_packages(path) check parameters
[2.328s] Level 1:colcon.colcon_core.package_discovery:discover_packages(colcon_meta) discover
[2.329s] Level 1:colcon.colcon_core.package_discovery:discover_packages(recursive) discover
[2.330s] INFO:colcon.colcon_core.package_discovery:Crawling recursively for packages in '/workspace/colcon_ws'
[2.336s] Level 1:colcon.colcon_core.package_identification:_identify(.) by extensions ['ignore', 'ignore_ament_install']
[2.337s] Level 1:colcon.colcon_core.package_identification:_identify(.) by extension 'ignore'
[2.339s] Level 1:colcon.colcon_core.package_identification:_identify(.) by extension 'ignore_ament_install'
[2.341s] Level 1:colcon.colcon_core.package_identification:_identify(.) by extensions ['colcon_pkg']
[2.342s] Level 1:colcon.colcon_core.package_identification:_identify(.) by extension 'colcon_pkg'
[2.344s] Level 1:colcon.colcon_core.package_identification:_identify(.) by extensions ['colcon_meta']
[2.345s] Level 1:colcon.colcon_core.package_identification:_identify(.) by extension 'colcon_meta'
[2.346s] Level 1:colcon.colcon_core.package_identification:_identify(.) by extensions ['ros']
[2.346s] Level 1:colcon.colcon_core.package_identification:_identify(.) by extension 'ros'
[2.503s] Level 1:colcon.colcon_core.package_identification:_identify(.) by extensions ['cmake', 'python']
[2.504s] Level 1:colcon.colcon_core.package_identification:_identify(.) by extension 'cmake'
[2.505s] Level 1:colcon.colcon_core.package_identification:_identify(.) by extension 'python'
[2.507s] Level 1:colcon.colcon_core.package_identification:_identify(.) by extensions ['python_setup_py']
[2.508s] Level 1:colcon.colcon_core.package_identification:_identify(.) by extension 'python_setup_py'
[2.518s] Level 1:colcon.colcon_core.package_identification:_identify(build) by extensions ['ignore', 'ignore_ament_install']
[2.519s] Level 1:colcon.colcon_core.package_identification:_identify(build) by extension 'ignore'
[2.523s] Level 1:colcon.colcon_core.package_identification:_identify(build) ignored
[2.532s] Level 1:colcon.colcon_core.package_identification:_identify(install) by extensions ['ignore', 'ignore_ament_install']
[2.533s] Level 1:colcon.colcon_core.package_identification:_identify(install) by extension 'ignore'
[2.537s] Level 1:colcon.colcon_core.package_identification:_identify(install) ignored
[2.552s] Level 1:colcon.colcon_core.package_identification:_identify(log) by extensions ['ignore', 'ignore_ament_install']
[2.553s] Level 1:colcon.colcon_core.package_identification:_identify(log) by extension 'ignore'
[2.556s] Level 1:colcon.colcon_core.package_identification:_identify(log) ignored
[2.564s] Level 1:colcon.colcon_core.package_identification:_identify(src) by extensions ['ignore', 'ignore_ament_install']
[2.565s] Level 1:colcon.colcon_core.package_identification:_identify(src) by extension 'ignore'
[2.569s] Level 1:colcon.colcon_core.package_identification:_identify(src) by extension 'ignore_ament_install'
[2.574s] Level 1:colcon.colcon_core.package_identification:_identify(src) by extensions ['colcon_pkg']
[2.574s] Level 1:colcon.colcon_core.package_identification:_identify(src) by extension 'colcon_pkg'
[2.577s] Level 1:colcon.colcon_core.package_identification:_identify(src) by extensions ['colcon_meta']
[2.578s] Level 1:colcon.colcon_core.package_identification:_identify(src) by extension 'colcon_meta'
[2.581s] Level 1:colcon.colcon_core.package_identification:_identify(src) by extensions ['ros']
[2.582s] Level 1:colcon.colcon_core.package_identification:_identify(src) by extension 'ros'
[2.594s] Level 1:colcon.colcon_core.package_identification:_identify(src) by extensions ['cmake', 'python']
[2.595s] Level 1:colcon.colcon_core.package_identification:_identify(src) by extension 'cmake'
[2.599s] Level 1:colcon.colcon_core.package_identification:_identify(src) by extension 'python'
[2.602s] Level 1:colcon.colcon_core.package_identification:_identify(src) by extensions ['python_setup_py']
[2.603s] Level 1:colcon.colcon_core.package_identification:_identify(src) by extension 'python_setup_py'
[2.621s] Level 1:colcon.colcon_core.package_identification:_identify(src/lidar_calibration) by extensions ['ignore', 'ignore_ament_install']
[2.622s] Level 1:colcon.colcon_core.package_identification:_identify(src/lidar_calibration) by extension 'ignore'
[2.627s] Level 1:colcon.colcon_core.package_identification:_identify(src/lidar_calibration) by extension 'ignore_ament_install'
[2.636s] Level 1:colcon.colcon_core.package_identification:_identify(src/lidar_calibration) by extensions ['colcon_pkg']
[2.637s] Level 1:colcon.colcon_core.package_identification:_identify(src/lidar_calibration) by extension 'colcon_pkg'
[2.641s] Level 1:colcon.colcon_core.package_identification:_identify(src/lidar_calibration) by extensions ['colcon_meta']
[2.642s] Level 1:colcon.colcon_core.package_identification:_identify(src/lidar_calibration) by extension 'colcon_meta'
[2.649s] Level 1:colcon.colcon_core.package_identification:_identify(src/lidar_calibration) by extensions ['ros']
[2.650s] Level 1:colcon.colcon_core.package_identification:_identify(src/lidar_calibration) by extension 'ros'
[2.719s] DEBUG:colcon.colcon_core.package_identification:Package 'src/lidar_calibration' with type 'ros.ament_python' and name 'lidar_calibration'
[2.720s] Level 1:colcon.colcon_core.package_discovery:discover_packages(recursive) using defaults
[2.721s] Level 1:colcon.colcon_core.package_discovery:discover_packages(ignore) discover
[2.722s] Level 1:colcon.colcon_core.package_discovery:discover_packages(ignore) using defaults
[2.723s] Level 1:colcon.colcon_core.package_discovery:discover_packages(path) discover
[2.723s] Level 1:colcon.colcon_core.package_discovery:discover_packages(path) using defaults
[2.982s] Level 1:colcon.colcon_core.package_discovery:discover_packages(prefix_path) check parameters
[2.983s] Level 1:colcon.colcon_core.package_discovery:discover_packages(prefix_path) discover
[3.001s] WARNING:colcon.colcon_ros.prefix_path.ament:The path '/workspace/colcon_ws/install/lidar_calibration' in the environment variable AMENT_PREFIX_PATH doesn't exist
[3.045s] DEBUG:colcon.colcon_installed_package_information.package_discovery:Found 0 installed packages in /workspace/colcon_ws/install
[3.060s] DEBUG:colcon.colcon_installed_package_information.package_discovery:Found 187 installed packages in /opt/ros/humble
[3.067s] Level 1:colcon.colcon_core.package_discovery:discover_packages(prefix_path) using defaults
[3.411s] Level 5:colcon.colcon_core.verb:set package 'lidar_calibration' build argument 'cmake_args' from command line to 'None'
[3.412s] Level 5:colcon.colcon_core.verb:set package 'lidar_calibration' build argument 'cmake_target' from command line to 'None'
[3.412s] Level 5:colcon.colcon_core.verb:set package 'lidar_calibration' build argument 'cmake_target_skip_unavailable' from command line to 'False'
[3.413s] Level 5:colcon.colcon_core.verb:set package 'lidar_calibration' build argument 'cmake_clean_cache' from command line to 'False'
[3.414s] Level 5:colcon.colcon_core.verb:set package 'lidar_calibration' build argument 'cmake_clean_first' from command line to 'False'
[3.415s] Level 5:colcon.colcon_core.verb:set package 'lidar_calibration' build argument 'cmake_force_configure' from command line to 'False'
[3.415s] Level 5:colcon.colcon_core.verb:set package 'lidar_calibration' build argument 'ament_cmake_args' from command line to 'None'
[3.416s] Level 5:colcon.colcon_core.verb:set package 'lidar_calibration' build argument 'catkin_cmake_args' from command line to 'None'
[3.417s] Level 5:colcon.colcon_core.verb:set package 'lidar_calibration' build argument 'catkin_skip_building_tests' from command line to 'False'
[3.418s] DEBUG:colcon.colcon_core.verb:Building package 'lidar_calibration' with the following arguments: {'ament_cmake_args': None, 'build_base': '/workspace/colcon_ws/build/lidar_calibration', 'catkin_cmake_args': None, 'catkin_skip_building_tests': False, 'cmake_args': None, 'cmake_clean_cache': False, 'cmake_clean_first': False, 'cmake_force_configure': False, 'cmake_target': None, 'cmake_target_skip_unavailable': False, 'install_base': '/workspace/colcon_ws/install/lidar_calibration', 'merge_install': False, 'path': '/workspace/colcon_ws/src/lidar_calibration', 'symlink_install': True, 'test_result_base': None}
[3.419s] INFO:colcon.colcon_core.executor:Executing jobs using 'parallel' executor
[3.424s] DEBUG:colcon.colcon_parallel_executor.executor.parallel:run_until_complete
[3.427s] INFO:colcon.colcon_ros.task.ament_python.build:Building ROS package in '/workspace/colcon_ws/src/lidar_calibration' with build type 'ament_python'
[3.428s] Level 1:colcon.colcon_core.shell:create_environment_hook('lidar_calibration', 'ament_prefix_path')
[3.456s] INFO:colcon.colcon_core.plugin_system:Skipping extension 'colcon_core.shell.bat': Not used on non-Windows systems
[3.457s] INFO:colcon.colcon_core.shell:Creating environment hook '/workspace/colcon_ws/install/lidar_calibration/share/lidar_calibration/hook/ament_prefix_path.ps1'
[3.516s] INFO:colcon.colcon_core.shell:Creating environment descriptor '/workspace/colcon_ws/install/lidar_calibration/share/lidar_calibration/hook/ament_prefix_path.dsv'
[3.560s] INFO:colcon.colcon_core.shell:Creating environment hook '/workspace/colcon_ws/install/lidar_calibration/share/lidar_calibration/hook/ament_prefix_path.sh'
[3.605s] INFO:colcon.colcon_core.shell:Skip shell extension 'powershell' for command environment: Not usable outside of PowerShell
[3.606s] DEBUG:colcon.colcon_core.shell:Skip shell extension 'dsv' for command environment
[5.686s] INFO:colcon.colcon_core.task.python.build:Building Python package in '/workspace/colcon_ws/src/lidar_calibration'
[5.687s] INFO:colcon.colcon_core.shell:Skip shell extension 'powershell' for command environment: Not usable outside of PowerShell
[5.688s] DEBUG:colcon.colcon_core.shell:Skip shell extension 'dsv' for command environment
[10.438s] DEBUG:colcon.colcon_core.event_handler.log_command:Invoking command in '/workspace/colcon_ws/build/lidar_calibration': PYTHONPATH=/workspace/colcon_ws/build/lidar_calibration/prefix_override:/usr/lib/python3/dist-packages/colcon_core/task/python/colcon_distutils_commands:/workspace/colcon_ws/install/lidar_calibration/lib/python3.10/site-packages:${PYTHONPATH} /usr/bin/python3 -W ignore:setup.py install is deprecated -W ignore:easy_install command is deprecated setup.py develop --editable --build-directory /workspace/colcon_ws/build/lidar_calibration/build --no-deps symlink_data
[14.938s] Level 1:colcon.colcon_core.shell:create_environment_hook('lidar_calibration', 'pythonpath_develop')
[14.939s] INFO:colcon.colcon_core.shell:Creating environment hook '/workspace/colcon_ws/build/lidar_calibration/share/lidar_calibration/hook/pythonpath_develop.ps1'
[14.942s] DEBUG:colcon.colcon_core.event_handler.log_command:Invoked command in '/workspace/colcon_ws/build/lidar_calibration' returned '0': PYTHONPATH=/workspace/colcon_ws/build/lidar_calibration/prefix_override:/usr/lib/python3/dist-packages/colcon_core/task/python/colcon_distutils_commands:/workspace/colcon_ws/install/lidar_calibration/lib/python3.10/site-packages:${PYTHONPATH} /usr/bin/python3 -W ignore:setup.py install is deprecated -W ignore:easy_install command is deprecated setup.py develop --editable --build-directory /workspace/colcon_ws/build/lidar_calibration/build --no-deps symlink_data
[14.991s] INFO:colcon.colcon_core.shell:Creating environment descriptor '/workspace/colcon_ws/build/lidar_calibration/share/lidar_calibration/hook/pythonpath_develop.dsv'
[15.035s] INFO:colcon.colcon_core.shell:Creating environment hook '/workspace/colcon_ws/build/lidar_calibration/share/lidar_calibration/hook/pythonpath_develop.sh'
[15.103s] Level 1:colcon.colcon_core.environment:checking '/workspace/colcon_ws/install/lidar_calibration' for CMake module files
[15.246s] Level 1:colcon.colcon_core.environment:checking '/workspace/colcon_ws/install/lidar_calibration' for CMake config files
[15.465s] Level 1:colcon.colcon_core.environment:checking '/workspace/colcon_ws/install/lidar_calibration/lib'
[15.479s] Level 1:colcon.colcon_core.environment:checking '/workspace/colcon_ws/install/lidar_calibration/bin'
[15.483s] Level 1:colcon.colcon_core.environment:checking '/workspace/colcon_ws/install/lidar_calibration/lib/pkgconfig/lidar_calibration.pc'
[15.489s] Level 1:colcon.colcon_core.environment:checking '/workspace/colcon_ws/install/lidar_calibration/lib/python3.10/site-packages'
[15.497s] Level 1:colcon.colcon_core.shell:create_environment_hook('lidar_calibration', 'pythonpath')
[15.498s] INFO:colcon.colcon_core.shell:Creating environment hook '/workspace/colcon_ws/install/lidar_calibration/share/lidar_calibration/hook/pythonpath.ps1'
[15.544s] INFO:colcon.colcon_core.shell:Creating environment descriptor '/workspace/colcon_ws/install/lidar_calibration/share/lidar_calibration/hook/pythonpath.dsv'
[15.587s] INFO:colcon.colcon_core.shell:Creating environment hook '/workspace/colcon_ws/install/lidar_calibration/share/lidar_calibration/hook/pythonpath.sh'
[15.633s] Level 1:colcon.colcon_core.environment:checking '/workspace/colcon_ws/install/lidar_calibration/bin'
[15.637s] Level 1:colcon.colcon_core.environment:create_environment_scripts_only(lidar_calibration)
[15.639s] INFO:colcon.colcon_core.shell:Creating package script '/workspace/colcon_ws/install/lidar_calibration/share/lidar_calibration/package.ps1'
[15.683s] INFO:colcon.colcon_core.shell:Creating package descriptor '/workspace/colcon_ws/install/lidar_calibration/share/lidar_calibration/package.dsv'
[15.720s] INFO:colcon.colcon_core.shell:Creating package script '/workspace/colcon_ws/install/lidar_calibration/share/lidar_calibration/package.sh'
[15.757s] INFO:colcon.colcon_core.shell:Creating package script '/workspace/colcon_ws/install/lidar_calibration/share/lidar_calibration/package.bash'
[15.794s] INFO:colcon.colcon_core.shell:Creating package script '/workspace/colcon_ws/install/lidar_calibration/share/lidar_calibration/package.zsh'
[15.831s] Level 1:colcon.colcon_core.environment:create_file_with_runtime_dependencies(/workspace/colcon_ws/install/lidar_calibration/share/colcon-core/packages/lidar_calibration)
[15.866s] DEBUG:colcon.colcon_parallel_executor.executor.parallel:closing loop
[15.868s] DEBUG:colcon.colcon_parallel_executor.executor.parallel:loop closed
[15.869s] DEBUG:colcon.colcon_parallel_executor.executor.parallel:run_until_complete finished with '0'
[15.870s] DEBUG:colcon.colcon_core.event_reactor:joining thread
[15.977s] INFO:colcon.colcon_core.plugin_system:Skipping extension 'colcon_notification.desktop_notification.notify_send': Could not find 'notify-send'
[15.978s] INFO:colcon.colcon_core.plugin_system:Skipping extension 'colcon_notification.desktop_notification.terminal_notifier': Not used on non-Darwin systems
[15.979s] INFO:colcon.colcon_core.plugin_system:Skipping extension 'colcon_notification.desktop_notification.win32': Not used on non-Windows systems
[15.980s] INFO:colcon.colcon_notification.desktop_notification:Sending desktop notification using 'notify2'
[15.999s] DEBUG:colcon.colcon_notification.desktop_notification.notify2:Failed to initialize notify2: org.freedesktop.DBus.Error.Spawn.ExecFailed: /usr/bin/dbus-launch terminated abnormally without any error message
[16.001s] DEBUG:colcon.colcon_core.event_reactor:joined thread
[16.002s] INFO:colcon.colcon_core.shell:Creating prefix script '/workspace/colcon_ws/install/local_setup.ps1'
[16.020s] INFO:colcon.colcon_core.shell:Creating prefix util module '/workspace/colcon_ws/install/_local_setup_util_ps1.py'
[16.040s] INFO:colcon.colcon_core.shell:Creating prefix chain script '/workspace/colcon_ws/install/setup.ps1'
[16.082s] INFO:colcon.colcon_core.shell:Creating prefix script '/workspace/colcon_ws/install/local_setup.sh'
[16.101s] INFO:colcon.colcon_core.shell:Creating prefix util module '/workspace/colcon_ws/install/_local_setup_util_sh.py'
[16.117s] INFO:colcon.colcon_core.shell:Creating prefix chain script '/workspace/colcon_ws/install/setup.sh'
[16.157s] INFO:colcon.colcon_core.shell:Creating prefix script '/workspace/colcon_ws/install/local_setup.bash'
[16.176s] INFO:colcon.colcon_core.shell:Creating prefix chain script '/workspace/colcon_ws/install/setup.bash'
[16.215s] INFO:colcon.colcon_core.shell:Creating prefix script '/workspace/colcon_ws/install/local_setup.zsh'
[16.231s] INFO:colcon.colcon_core.shell:Creating prefix chain script '/workspace/colcon_ws/install/setup.zsh'
