[0.873s] Invoking command in '/workspace/colcon_ws/build/kiss_icp': CMAKE_PREFIX_PATH=${CMAKE_PREFIX_PATH}:/workspace/colcon_ws/install/lidar_calibration:/opt/ros/humble /usr/local/bin/cmake --build /workspace/colcon_ws/build/kiss_icp -- -j16 -l16
[4.503s] [ 42%] Built target kiss_icp_core
[5.151s] [ 57%] Built target kiss_icp_metrics
[5.846s] [ 71%] Built target kiss_icp_pipeline
[6.531s] [ 85%] Built target kiss_icp_node
[7.284s] [100%] Built target odometry_component
[7.584s] Invoked command in '/workspace/colcon_ws/build/kiss_icp' returned '0': CMAKE_PREFIX_PATH=${CMAKE_PREFIX_PATH}:/workspace/colcon_ws/install/lidar_calibration:/opt/ros/humble /usr/local/bin/cmake --build /workspace/colcon_ws/build/kiss_icp -- -j16 -l16
[7.722s] Invoking command in '/workspace/colcon_ws/build/kiss_icp': CMAKE_PREFIX_PATH=${CMAKE_PREFIX_PATH}:/workspace/colcon_ws/install/lidar_calibration:/opt/ros/humble /usr/local/bin/cmake --install /workspace/colcon_ws/build/kiss_icp
[7.765s] -- Install configuration: "Release"
[8.076s] -- Up-to-date: /workspace/colcon_ws/install/kiss_icp/lib/kiss_icp/kiss_icp_node
[8.259s] -- Up-to-date: /workspace/colcon_ws/install/kiss_icp/lib/libodometry_component.so
[8.357s] -- Up-to-date: /workspace/colcon_ws/install/kiss_icp/share/kiss_icp//launch
[8.448s] -- Up-to-date: /workspace/colcon_ws/install/kiss_icp/share/kiss_icp//launch/odometry.launch.py
[8.509s] -- Up-to-date: /workspace/colcon_ws/install/kiss_icp/share/kiss_icp//rviz
[8.611s] -- Up-to-date: /workspace/colcon_ws/install/kiss_icp/share/kiss_icp//rviz/kiss_icp.rviz
[8.713s] -- Up-to-date: /workspace/colcon_ws/install/kiss_icp/share/ament_index/resource_index/package_run_dependencies/kiss_icp
[8.834s] -- Up-to-date: /workspace/colcon_ws/install/kiss_icp/share/ament_index/resource_index/parent_prefix_path/kiss_icp
[8.910s] -- Up-to-date: /workspace/colcon_ws/install/kiss_icp/share/kiss_icp/environment/ament_prefix_path.sh
[8.969s] -- Up-to-date: /workspace/colcon_ws/install/kiss_icp/share/kiss_icp/environment/ament_prefix_path.dsv
[9.012s] -- Up-to-date: /workspace/colcon_ws/install/kiss_icp/share/kiss_icp/environment/path.sh
[9.075s] -- Up-to-date: /workspace/colcon_ws/install/kiss_icp/share/kiss_icp/environment/path.dsv
[9.129s] -- Up-to-date: /workspace/colcon_ws/install/kiss_icp/share/kiss_icp/local_setup.bash
[9.192s] -- Up-to-date: /workspace/colcon_ws/install/kiss_icp/share/kiss_icp/local_setup.sh
[9.252s] -- Up-to-date: /workspace/colcon_ws/install/kiss_icp/share/kiss_icp/local_setup.zsh
[9.321s] -- Up-to-date: /workspace/colcon_ws/install/kiss_icp/share/kiss_icp/local_setup.dsv
[9.386s] -- Installing: /workspace/colcon_ws/install/kiss_icp/share/kiss_icp/package.dsv
[9.626s] -- Up-to-date: /workspace/colcon_ws/install/kiss_icp/share/ament_index/resource_index/packages/kiss_icp
[9.772s] -- Up-to-date: /workspace/colcon_ws/install/kiss_icp/share/ament_index/resource_index/rclcpp_components/kiss_icp
[9.842s] -- Up-to-date: /workspace/colcon_ws/install/kiss_icp/share/kiss_icp/cmake/kiss_icpConfig.cmake
[9.911s] -- Up-to-date: /workspace/colcon_ws/install/kiss_icp/share/kiss_icp/cmake/kiss_icpConfig-version.cmake
[9.989s] -- Up-to-date: /workspace/colcon_ws/install/kiss_icp/share/kiss_icp/package.xml
[10.034s] Invoked command in '/workspace/colcon_ws/build/kiss_icp' returned '0': CMAKE_PREFIX_PATH=${CMAKE_PREFIX_PATH}:/workspace/colcon_ws/install/lidar_calibration:/opt/ros/humble /usr/local/bin/cmake --install /workspace/colcon_ws/build/kiss_icp
