running egg_info
creating ../../build/lidar_calibration/lidar_calibration.egg-info
writing ../../build/lidar_calibration/lidar_calibration.egg-info/PKG-INFO
writing dependency_links to ../../build/lidar_calibration/lidar_calibration.egg-info/dependency_links.txt
writing entry points to ../../build/lidar_calibration/lidar_calibration.egg-info/entry_points.txt
writing requirements to ../../build/lidar_calibration/lidar_calibration.egg-info/requires.txt
writing top-level names to ../../build/lidar_calibration/lidar_calibration.egg-info/top_level.txt
writing manifest file '../../build/lidar_calibration/lidar_calibration.egg-info/SOURCES.txt'
reading manifest file '../../build/lidar_calibration/lidar_calibration.egg-info/SOURCES.txt'
writing manifest file '../../build/lidar_calibration/lidar_calibration.egg-info/SOURCES.txt'
running build
running build_py
creating /workspace/colcon_ws/build/lidar_calibration/build
creating /workspace/colcon_ws/build/lidar_calibration/build/lib
creating /workspace/colcon_ws/build/lidar_calibration/build/lib/lidar_calibration
copying lidar_calibration/lidar_calibration_node.py -> /workspace/colcon_ws/build/lidar_calibration/build/lib/lidar_calibration
copying lidar_calibration/__init__.py -> /workspace/colcon_ws/build/lidar_calibration/build/lib/lidar_calibration
running install
running install_lib
creating /workspace/colcon_ws/install/lidar_calibration/lib/python3.10/site-packages/lidar_calibration
copying /workspace/colcon_ws/build/lidar_calibration/build/lib/lidar_calibration/lidar_calibration_node.py -> /workspace/colcon_ws/install/lidar_calibration/lib/python3.10/site-packages/lidar_calibration
copying /workspace/colcon_ws/build/lidar_calibration/build/lib/lidar_calibration/__init__.py -> /workspace/colcon_ws/install/lidar_calibration/lib/python3.10/site-packages/lidar_calibration
byte-compiling /workspace/colcon_ws/install/lidar_calibration/lib/python3.10/site-packages/lidar_calibration/lidar_calibration_node.py to lidar_calibration_node.cpython-310.pyc
byte-compiling /workspace/colcon_ws/install/lidar_calibration/lib/python3.10/site-packages/lidar_calibration/__init__.py to __init__.cpython-310.pyc
running install_data
creating /workspace/colcon_ws/install/lidar_calibration/share/ament_index
creating /workspace/colcon_ws/install/lidar_calibration/share/ament_index/resource_index
creating /workspace/colcon_ws/install/lidar_calibration/share/ament_index/resource_index/packages
copying resource/lidar_calibration -> /workspace/colcon_ws/install/lidar_calibration/share/ament_index/resource_index/packages
copying package.xml -> /workspace/colcon_ws/install/lidar_calibration/share/lidar_calibration
running install_egg_info
Copying ../../build/lidar_calibration/lidar_calibration.egg-info to /workspace/colcon_ws/install/lidar_calibration/lib/python3.10/site-packages/lidar_calibration-0.0.0-py3.10.egg-info
running install_scripts
Installing lidar_calibration_node script to /workspace/colcon_ws/install/lidar_calibration/lib/lidar_calibration
writing list of installed files to '/workspace/colcon_ws/build/lidar_calibration/install.log'
