[4.422s] Invoking command in '/workspace/colcon_ws/src/lidar_calibration': PYTHONPATH=/workspace/colcon_ws/build/lidar_calibration/prefix_override:/usr/lib/python3/dist-packages/colcon_core/task/python/colcon_distutils_commands:/workspace/colcon_ws/install/lidar_calibration/lib/python3.10/site-packages:${PYTHONPATH} /usr/bin/python3 -W ignore:setup.py install is deprecated -W ignore:easy_install command is deprecated setup.py egg_info --egg-base ../../build/lidar_calibration build --build-base /workspace/colcon_ws/build/lidar_calibration/build install --record /workspace/colcon_ws/build/lidar_calibration/install.log --single-version-externally-managed install_data
[6.202s] running egg_info
[6.211s] creating ../../build/lidar_calibration/lidar_calibration.egg-info
[6.221s] writing ../../build/lidar_calibration/lidar_calibration.egg-info/PKG-INFO
[6.244s] writing dependency_links to ../../build/lidar_calibration/lidar_calibration.egg-info/dependency_links.txt
[6.262s] writing entry points to ../../build/lidar_calibration/lidar_calibration.egg-info/entry_points.txt
[6.276s] writing requirements to ../../build/lidar_calibration/lidar_calibration.egg-info/requires.txt
[6.286s] writing top-level names to ../../build/lidar_calibration/lidar_calibration.egg-info/top_level.txt
[6.324s] writing manifest file '../../build/lidar_calibration/lidar_calibration.egg-info/SOURCES.txt'
[6.414s] reading manifest file '../../build/lidar_calibration/lidar_calibration.egg-info/SOURCES.txt'
[6.534s] writing manifest file '../../build/lidar_calibration/lidar_calibration.egg-info/SOURCES.txt'
[6.541s] running build
[6.544s] running build_py
[6.553s] creating /workspace/colcon_ws/build/lidar_calibration/build
[6.557s] creating /workspace/colcon_ws/build/lidar_calibration/build/lib
[6.561s] creating /workspace/colcon_ws/build/lidar_calibration/build/lib/lidar_calibration
[6.583s] copying lidar_calibration/lidar_calibration_node.py -> /workspace/colcon_ws/build/lidar_calibration/build/lib/lidar_calibration
[6.635s] copying lidar_calibration/__init__.py -> /workspace/colcon_ws/build/lidar_calibration/build/lib/lidar_calibration
[6.664s] running install
[6.666s] running install_lib
[6.710s] creating /workspace/colcon_ws/install/lidar_calibration/lib/python3.10/site-packages/lidar_calibration
[6.746s] copying /workspace/colcon_ws/build/lidar_calibration/build/lib/lidar_calibration/lidar_calibration_node.py -> /workspace/colcon_ws/install/lidar_calibration/lib/python3.10/site-packages/lidar_calibration
[6.823s] copying /workspace/colcon_ws/build/lidar_calibration/build/lib/lidar_calibration/__init__.py -> /workspace/colcon_ws/install/lidar_calibration/lib/python3.10/site-packages/lidar_calibration
[6.899s] byte-compiling /workspace/colcon_ws/install/lidar_calibration/lib/python3.10/site-packages/lidar_calibration/lidar_calibration_node.py to lidar_calibration_node.cpython-310.pyc
[7.015s] byte-compiling /workspace/colcon_ws/install/lidar_calibration/lib/python3.10/site-packages/lidar_calibration/__init__.py to __init__.cpython-310.pyc
[7.111s] running install_data
[7.132s] creating /workspace/colcon_ws/install/lidar_calibration/share/ament_index
[7.139s] creating /workspace/colcon_ws/install/lidar_calibration/share/ament_index/resource_index
[7.148s] creating /workspace/colcon_ws/install/lidar_calibration/share/ament_index/resource_index/packages
[7.180s] copying resource/lidar_calibration -> /workspace/colcon_ws/install/lidar_calibration/share/ament_index/resource_index/packages
[7.244s] copying package.xml -> /workspace/colcon_ws/install/lidar_calibration/share/lidar_calibration
[7.287s] running install_egg_info
[7.333s] Copying ../../build/lidar_calibration/lidar_calibration.egg-info to /workspace/colcon_ws/install/lidar_calibration/lib/python3.10/site-packages/lidar_calibration-0.0.0-py3.10.egg-info
[8.164s] running install_scripts
[8.338s] Installing lidar_calibration_node script to /workspace/colcon_ws/install/lidar_calibration/lib/lidar_calibration
[8.388s] writing list of installed files to '/workspace/colcon_ws/build/lidar_calibration/install.log'
[8.490s] Invoked command in '/workspace/colcon_ws/src/lidar_calibration' returned '0': PYTHONPATH=/workspace/colcon_ws/build/lidar_calibration/prefix_override:/usr/lib/python3/dist-packages/colcon_core/task/python/colcon_distutils_commands:/workspace/colcon_ws/install/lidar_calibration/lib/python3.10/site-packages:${PYTHONPATH} /usr/bin/python3 -W ignore:setup.py install is deprecated -W ignore:easy_install command is deprecated setup.py egg_info --egg-base ../../build/lidar_calibration build --build-base /workspace/colcon_ws/build/lidar_calibration/build install --record /workspace/colcon_ws/build/lidar_calibration/install.log --single-version-externally-managed install_data
