-- The C compiler identification is GNU 11.4.0
-- The CXX compiler identification is GNU 11.4.0
-- Detecting C compiler ABI info
-- Detecting C compiler ABI info - done
-- Check for working C compiler: /usr/bin/cc - skipped
-- Detecting C compile features
-- Detecting C compile features - done
-- Detecting CXX compiler ABI info
-- Detecting CXX compiler ABI info - done
-- Check for working CXX compiler: /usr/bin/c++ - skipped
-- Detecting CXX compile features
-- Detecting CXX compile features - done
-- Found ament_cmake_auto: 1.3.11 (/opt/ros/humble/share/ament_cmake_auto/cmake)
-- Found Python3: /usr/bin/python3 (found version "3.10.12") found components: Interpreter 
-- Override CMake install command with custom implementation using symlinks instead of copying resources
-- Found rosidl_generator_c: 3.1.6 (/opt/ros/humble/share/rosidl_generator_c/cmake)
-- Found rosidl_adapter: 3.1.6 (/opt/ros/humble/share/rosidl_adapter/cmake)
-- Found rosidl_generator_cpp: 3.1.6 (/opt/ros/humble/share/rosidl_generator_cpp/cmake)
-- Using all available rosidl_typesupport_c: rosidl_typesupport_fastrtps_c;rosidl_typesupport_introspection_c
-- Using all available rosidl_typesupport_cpp: rosidl_typesupport_fastrtps_cpp;rosidl_typesupport_introspection_cpp
-- Found rmw_implementation_cmake: 6.1.2 (/opt/ros/humble/share/rmw_implementation_cmake/cmake)
-- Found rmw_fastrtps_cpp: 6.2.7 (/opt/ros/humble/share/rmw_fastrtps_cpp/cmake)
-- Found OpenSSL: /usr/lib/x86_64-linux-gnu/libcrypto.so (found version "3.0.2")  
-- Found FastRTPS: /opt/ros/humble/include  
-- Using RMW implementation 'rmw_fastrtps_cpp' as default
-- Performing Test CMAKE_HAVE_LIBC_PTHREAD
-- Performing Test CMAKE_HAVE_LIBC_PTHREAD - Success
-- Found Threads: TRUE  
[33mCMake Warning (dev) at /usr/lib/x86_64-linux-gnu/cmake/pcl/PCLConfig.cmake:146 (find_package):
  Policy CMP0144 is not set: find_package uses upper-case <PACKAGENAME>_ROOT
  variables.  Run "cmake --help-policy CMP0144" for policy details.  Use the
  cmake_policy command to set the policy and suppress this warning.

  CMake variable EIGEN_ROOT is set to:

    /usr/include/eigen3

  For compatibility, find_package is ignoring the variable, but code in a
  .cmake module might still use it.
Call Stack (most recent call first):
  /usr/lib/x86_64-linux-gnu/cmake/pcl/PCLConfig.cmake:299 (find_eigen)
  /usr/lib/x86_64-linux-gnu/cmake/pcl/PCLConfig.cmake:543 (find_external_library)
  /opt/ros/humble/share/pcl_conversions/cmake/ament_cmake_export_dependencies-extras.cmake:21 (find_package)
  /opt/ros/humble/share/pcl_conversions/cmake/pcl_conversionsConfig.cmake:41 (include)
  /opt/ros/humble/share/ament_cmake_auto/cmake/ament_auto_find_build_dependencies.cmake:67 (find_package)
  CMakeLists.txt:5 (ament_auto_find_build_dependencies)
This warning is for project developers.  Use -Wno-dev to suppress it.
[0m
-- Checking for module 'eigen3'
--   Found eigen3, version 3.4.0
-- Found Eigen: /usr/include/eigen3 (Required is at least version "3.1") 
-- Eigen found (include: /usr/include/eigen3, version: 3.4.0)
[33mCMake Warning (dev) at /usr/lib/x86_64-linux-gnu/cmake/pcl/Modules/FindFLANN.cmake:44 (find_package):
  Policy CMP0144 is not set: find_package uses upper-case <PACKAGENAME>_ROOT
  variables.  Run "cmake --help-policy CMP0144" for policy details.  Use the
  cmake_policy command to set the policy and suppress this warning.

  CMake variable FLANN_ROOT is set to:

    /usr

  For compatibility, find_package is ignoring the variable, but code in a
  .cmake module might still use it.
Call Stack (most recent call first):
  /usr/lib/x86_64-linux-gnu/cmake/pcl/PCLConfig.cmake:256 (find_package)
  /usr/lib/x86_64-linux-gnu/cmake/pcl/PCLConfig.cmake:301 (find_flann)
  /usr/lib/x86_64-linux-gnu/cmake/pcl/PCLConfig.cmake:543 (find_external_library)
  /opt/ros/humble/share/pcl_conversions/cmake/ament_cmake_export_dependencies-extras.cmake:21 (find_package)
  /opt/ros/humble/share/pcl_conversions/cmake/pcl_conversionsConfig.cmake:41 (include)
  /opt/ros/humble/share/ament_cmake_auto/cmake/ament_auto_find_build_dependencies.cmake:67 (find_package)
  CMakeLists.txt:5 (ament_auto_find_build_dependencies)
This warning is for project developers.  Use -Wno-dev to suppress it.
[0m
-- Checking for module 'flann'
--   Found flann, version 1.9.1
-- Found FLANN: /usr/lib/x86_64-linux-gnu/libflann_cpp.so  
-- FLANN found (include: /usr/include, lib: /usr/lib/x86_64-linux-gnu/libflann_cpp.so)
-- Checking for module 'libusb-1.0'
--   Found libusb-1.0, version 1.0.25
-- Found libusb: /usr/lib/x86_64-linux-gnu/libusb-1.0.so  
-- OpenNI found (version: 1.5.4.0, include: /usr/include/ni, lib: /usr/lib/libOpenNI.so;libusb::libusb)
-- OpenNI2 found (version: 2.2.0.33, include: /usr/include/openni2, lib: /usr/lib/x86_64-linux-gnu/libOpenNI2.so;libusb::libusb)
-- Eigen found (include: /usr/include/eigen3, version: 3.4.0)
-- OpenNI found (version: 1.5.4.0, include: /usr/include/ni, lib: /usr/lib/libOpenNI.so;libusb::libusb)
-- OpenNI2 found (version: 2.2.0.33, include: /usr/include/openni2, lib: /usr/lib/x86_64-linux-gnu/libOpenNI2.so;libusb::libusb)
-- Found Qhull version 8.0.2
-- OpenNI found (version: 1.5.4.0, include: /usr/include/ni, lib: /usr/lib/libOpenNI.so;libusb::libusb)
-- Found PCL_COMMON: /usr/lib/x86_64-linux-gnu/libpcl_common.so  
-- Found PCL_KDTREE: /usr/lib/x86_64-linux-gnu/libpcl_kdtree.so  
-- Found PCL_OCTREE: /usr/lib/x86_64-linux-gnu/libpcl_octree.so  
-- Found PCL_SEARCH: /usr/lib/x86_64-linux-gnu/libpcl_search.so  
-- Found PCL_SAMPLE_CONSENSUS: /usr/lib/x86_64-linux-gnu/libpcl_sample_consensus.so  
-- Found PCL_FILTERS: /usr/lib/x86_64-linux-gnu/libpcl_filters.so  
-- Found PCL_2D: /usr/include/pcl-1.12  
-- Found PCL_GEOMETRY: /usr/include/pcl-1.12  
-- Found PCL_IO: /usr/lib/x86_64-linux-gnu/libpcl_io.so  
-- Found PCL_FEATURES: /usr/lib/x86_64-linux-gnu/libpcl_features.so  
-- Found PCL_ML: /usr/lib/x86_64-linux-gnu/libpcl_ml.so  
-- Found PCL_SEGMENTATION: /usr/lib/x86_64-linux-gnu/libpcl_segmentation.so  
-- Found PCL_VISUALIZATION: /usr/lib/x86_64-linux-gnu/libpcl_visualization.so  
-- Found PCL_SURFACE: /usr/lib/x86_64-linux-gnu/libpcl_surface.so  
-- Found PCL_REGISTRATION: /usr/lib/x86_64-linux-gnu/libpcl_registration.so  
-- Found PCL_KEYPOINTS: /usr/lib/x86_64-linux-gnu/libpcl_keypoints.so  
-- Found PCL_TRACKING: /usr/lib/x86_64-linux-gnu/libpcl_tracking.so  
-- Found PCL_RECOGNITION: /usr/lib/x86_64-linux-gnu/libpcl_recognition.so  
-- Found PCL_STEREO: /usr/lib/x86_64-linux-gnu/libpcl_stereo.so  
-- Found PCL_APPS: /usr/lib/x86_64-linux-gnu/libpcl_apps.so  
-- Found PCL_IN_HAND_SCANNER: /usr/include/pcl-1.12  
-- Found PCL_MODELER: /usr/include/pcl-1.12  
-- Found PCL_POINT_CLOUD_EDITOR: /usr/include/pcl-1.12  
-- Found PCL_OUTOFCORE: /usr/lib/x86_64-linux-gnu/libpcl_outofcore.so  
-- Found PCL_PEOPLE: /usr/lib/x86_64-linux-gnu/libpcl_people.so  
-- Found eigen3_cmake_module: 0.1.1 (/opt/ros/humble/share/eigen3_cmake_module/cmake)
-- Found Eigen3: TRUE (found version "3.4.0") 
-- Ensuring Eigen3 include directory is part of orocos-kdl CMake target
-- Configuring done (37.2s)
-- Generating done (1.6s)
-- Build files have been written to: /workspace/multi_lidar_ws/build/multi_lidar_calibration
[ 12%] [32mBuilding CXX object CMakeFiles/multi_lidar_calibration_icp.dir/src/multi_lidar_calibration_icp.cpp.o[0m
[ 25%] [32m[1mLinking CXX shared library libmulti_lidar_calibration_icp.so[0m
[ 25%] Built target multi_lidar_calibration_icp
[ 50%] [32mBuilding CXX object CMakeFiles/multi_lidar_calibration_ndt.dir/src/multi_lidar_calibration_ndt.cpp.o[0m
[ 50%] [32mBuilding CXX object CMakeFiles/multi_lidar_calibration_icp_node.dir/src/multi_lidar_calibration_icp_node.cpp.o[0m
[ 62%] [32m[1mLinking CXX executable multi_lidar_calibration_icp_node[0m
[ 62%] Built target multi_lidar_calibration_icp_node
[ 75%] [32m[1mLinking CXX shared library libmulti_lidar_calibration_ndt.so[0m
[ 75%] Built target multi_lidar_calibration_ndt
[ 87%] [32mBuilding CXX object CMakeFiles/multi_lidar_calibration_ndt_node.dir/src/multi_lidar_calibration_ndt_node.cpp.o[0m
[100%] [32m[1mLinking CXX executable multi_lidar_calibration_ndt_node[0m
[100%] Built target multi_lidar_calibration_ndt_node
-- Install configuration: ""
-- Execute custom install script
-- Symlinking: /workspace/multi_lidar_ws/install/multi_lidar_calibration/include/multi_lidar_calibration/multi_lidar_calibration_icp.hpp
-- Symlinking: /workspace/multi_lidar_ws/install/multi_lidar_calibration/include/multi_lidar_calibration/multi_lidar_calibration_ndt.hpp
-- Symlinking: /workspace/multi_lidar_ws/install/multi_lidar_calibration/share/multi_lidar_calibration/environment/library_path.sh
-- Symlinking: /workspace/multi_lidar_ws/install/multi_lidar_calibration/share/multi_lidar_calibration/environment/library_path.dsv
-- Symlinking: /workspace/multi_lidar_ws/install/multi_lidar_calibration/lib/libmulti_lidar_calibration_icp.so
-- Symlinking: /workspace/multi_lidar_ws/install/multi_lidar_calibration/lib/libmulti_lidar_calibration_ndt.so
-- Symlinking: /workspace/multi_lidar_ws/install/multi_lidar_calibration/lib/multi_lidar_calibration/multi_lidar_calibration_icp_node
-- Symlinking: /workspace/multi_lidar_ws/install/multi_lidar_calibration/lib/multi_lidar_calibration/multi_lidar_calibration_ndt_node
-- Symlinking: /workspace/multi_lidar_ws/install/multi_lidar_calibration/share/multi_lidar_calibration/launch/multi_lidar_calibration_icp.launch.xml
-- Symlinking: /workspace/multi_lidar_ws/install/multi_lidar_calibration/share/multi_lidar_calibration/launch/multi_lidar_calibration_ndt.launch.xml
-- Symlinking: /workspace/multi_lidar_ws/install/multi_lidar_calibration/share/ament_index/resource_index/package_run_dependencies/multi_lidar_calibration
-- Symlinking: /workspace/multi_lidar_ws/install/multi_lidar_calibration/share/ament_index/resource_index/parent_prefix_path/multi_lidar_calibration
-- Symlinking: /workspace/multi_lidar_ws/install/multi_lidar_calibration/share/multi_lidar_calibration/environment/ament_prefix_path.sh
-- Symlinking: /workspace/multi_lidar_ws/install/multi_lidar_calibration/share/multi_lidar_calibration/environment/ament_prefix_path.dsv
-- Symlinking: /workspace/multi_lidar_ws/install/multi_lidar_calibration/share/multi_lidar_calibration/environment/path.sh
-- Symlinking: /workspace/multi_lidar_ws/install/multi_lidar_calibration/share/multi_lidar_calibration/environment/path.dsv
-- Symlinking: /workspace/multi_lidar_ws/install/multi_lidar_calibration/share/multi_lidar_calibration/local_setup.bash
-- Symlinking: /workspace/multi_lidar_ws/install/multi_lidar_calibration/share/multi_lidar_calibration/local_setup.sh
-- Symlinking: /workspace/multi_lidar_ws/install/multi_lidar_calibration/share/multi_lidar_calibration/local_setup.zsh
-- Symlinking: /workspace/multi_lidar_ws/install/multi_lidar_calibration/share/multi_lidar_calibration/local_setup.dsv
-- Symlinking: /workspace/multi_lidar_ws/install/multi_lidar_calibration/share/multi_lidar_calibration/package.dsv
-- Symlinking: /workspace/multi_lidar_ws/install/multi_lidar_calibration/share/ament_index/resource_index/packages/multi_lidar_calibration
-- Symlinking: /workspace/multi_lidar_ws/install/multi_lidar_calibration/share/multi_lidar_calibration/cmake/ament_cmake_export_dependencies-extras.cmake
-- Symlinking: /workspace/multi_lidar_ws/install/multi_lidar_calibration/share/multi_lidar_calibration/cmake/ament_cmake_export_include_directories-extras.cmake
-- Symlinking: /workspace/multi_lidar_ws/install/multi_lidar_calibration/share/multi_lidar_calibration/cmake/ament_cmake_export_libraries-extras.cmake
-- Symlinking: /workspace/multi_lidar_ws/install/multi_lidar_calibration/share/multi_lidar_calibration/cmake/multi_lidar_calibrationConfig.cmake
-- Symlinking: /workspace/multi_lidar_ws/install/multi_lidar_calibration/share/multi_lidar_calibration/cmake/multi_lidar_calibrationConfig-version.cmake
-- Symlinking: /workspace/multi_lidar_ws/install/multi_lidar_calibration/share/multi_lidar_calibration/package.xml
