[0.232s] Invoking command in '/workspace/multi_lidar_ws/build/multi_lidar_calibration': CMAKE_PREFIX_PATH=/opt/ros/humble /usr/local/bin/cmake /workspace/multi_lidar_ws/src/multi_lidar_calibration -DAMENT_CMAKE_SYMLINK_INSTALL=1 -DCMAKE_INSTALL_PREFIX=/workspace/multi_lidar_ws/install/multi_lidar_calibration
[1.855s] -- The C compiler identification is GNU 11.4.0
[2.747s] -- The CXX compiler identification is GNU 11.4.0
[2.875s] -- Detecting C compiler ABI info
[4.377s] -- Detecting C compiler ABI info - done
[4.477s] -- Check for working C compiler: /usr/bin/cc - skipped
[4.478s] -- Detecting C compile features
[4.480s] -- Detecting C compile features - done
[4.577s] -- Detecting CXX compiler ABI info
[6.108s] -- Detecting CXX compiler ABI info - done
[6.206s] -- Check for working CXX compiler: /usr/bin/c++ - skipped
[6.208s] -- Detecting CXX compile features
[6.210s] -- Detecting CXX compile features - done
[6.329s] -- Found ament_cmake_auto: 1.3.11 (/opt/ros/humble/share/ament_cmake_auto/cmake)
[6.794s] -- Found Python3: /usr/bin/python3 (found version "3.10.12") found components: Interpreter 
[7.129s] -- Override CMake install command with custom implementation using symlinks instead of copying resources
[9.076s] -- Found rosidl_generator_c: 3.1.6 (/opt/ros/humble/share/rosidl_generator_c/cmake)
[9.186s] -- Found rosidl_adapter: 3.1.6 (/opt/ros/humble/share/rosidl_adapter/cmake)
[9.327s] -- Found rosidl_generator_cpp: 3.1.6 (/opt/ros/humble/share/rosidl_generator_cpp/cmake)
[9.520s] -- Using all available rosidl_typesupport_c: rosidl_typesupport_fastrtps_c;rosidl_typesupport_introspection_c
[9.767s] -- Using all available rosidl_typesupport_cpp: rosidl_typesupport_fastrtps_cpp;rosidl_typesupport_introspection_cpp
[10.455s] -- Found rmw_implementation_cmake: 6.1.2 (/opt/ros/humble/share/rmw_implementation_cmake/cmake)
[10.513s] -- Found rmw_fastrtps_cpp: 6.2.7 (/opt/ros/humble/share/rmw_fastrtps_cpp/cmake)
[11.087s] -- Found OpenSSL: /usr/lib/x86_64-linux-gnu/libcrypto.so (found version "3.0.2")  
[11.249s] -- Found FastRTPS: /opt/ros/humble/include  
[11.514s] -- Using RMW implementation 'rmw_fastrtps_cpp' as default
[11.701s] -- Performing Test CMAKE_HAVE_LIBC_PTHREAD
[13.091s] -- Performing Test CMAKE_HAVE_LIBC_PTHREAD - Success
[13.093s] -- Found Threads: TRUE  
[14.219s] [33mCMake Warning (dev) at /usr/lib/x86_64-linux-gnu/cmake/pcl/PCLConfig.cmake:146 (find_package):
[14.221s]   Policy CMP0144 is not set: find_package uses upper-case <PACKAGENAME>_ROOT
[14.224s]   variables.  Run "cmake --help-policy CMP0144" for policy details.  Use the
[14.226s]   cmake_policy command to set the policy and suppress this warning.
[14.228s] 
[14.230s]   CMake variable EIGEN_ROOT is set to:
[14.232s] 
[14.234s]     /usr/include/eigen3
[14.236s] 
[14.240s]   For compatibility, find_package is ignoring the variable, but code in a
[14.242s]   .cmake module might still use it.
[14.245s] Call Stack (most recent call first):
[14.247s]   /usr/lib/x86_64-linux-gnu/cmake/pcl/PCLConfig.cmake:299 (find_eigen)
[14.249s]   /usr/lib/x86_64-linux-gnu/cmake/pcl/PCLConfig.cmake:543 (find_external_library)
[14.252s]   /opt/ros/humble/share/pcl_conversions/cmake/ament_cmake_export_dependencies-extras.cmake:21 (find_package)
[14.254s]   /opt/ros/humble/share/pcl_conversions/cmake/pcl_conversionsConfig.cmake:41 (include)
[14.257s]   /opt/ros/humble/share/ament_cmake_auto/cmake/ament_auto_find_build_dependencies.cmake:67 (find_package)
[14.259s]   CMakeLists.txt:5 (ament_auto_find_build_dependencies)
[14.261s] This warning is for project developers.  Use -Wno-dev to suppress it.
[14.263s] [0m
[14.265s] -- Checking for module 'eigen3'
[14.276s] --   Found eigen3, version 3.4.0
[14.375s] -- Found Eigen: /usr/include/eigen3 (Required is at least version "3.1") 
[14.378s] -- Eigen found (include: /usr/include/eigen3, version: 3.4.0)
[14.811s] [33mCMake Warning (dev) at /usr/lib/x86_64-linux-gnu/cmake/pcl/Modules/FindFLANN.cmake:44 (find_package):
[14.813s]   Policy CMP0144 is not set: find_package uses upper-case <PACKAGENAME>_ROOT
[14.815s]   variables.  Run "cmake --help-policy CMP0144" for policy details.  Use the
[14.817s]   cmake_policy command to set the policy and suppress this warning.
[14.819s] 
[14.820s]   CMake variable FLANN_ROOT is set to:
[14.822s] 
[14.824s]     /usr
[14.826s] 
[14.828s]   For compatibility, find_package is ignoring the variable, but code in a
[14.829s]   .cmake module might still use it.
[14.831s] Call Stack (most recent call first):
[14.832s]   /usr/lib/x86_64-linux-gnu/cmake/pcl/PCLConfig.cmake:256 (find_package)
[14.834s]   /usr/lib/x86_64-linux-gnu/cmake/pcl/PCLConfig.cmake:301 (find_flann)
[14.835s]   /usr/lib/x86_64-linux-gnu/cmake/pcl/PCLConfig.cmake:543 (find_external_library)
[14.837s]   /opt/ros/humble/share/pcl_conversions/cmake/ament_cmake_export_dependencies-extras.cmake:21 (find_package)
[14.839s]   /opt/ros/humble/share/pcl_conversions/cmake/pcl_conversionsConfig.cmake:41 (include)
[14.841s]   /opt/ros/humble/share/ament_cmake_auto/cmake/ament_auto_find_build_dependencies.cmake:67 (find_package)
[14.843s]   CMakeLists.txt:5 (ament_auto_find_build_dependencies)
[14.845s] This warning is for project developers.  Use -Wno-dev to suppress it.
[14.847s] [0m
[14.913s] -- Checking for module 'flann'
[14.951s] --   Found flann, version 1.9.1
[15.081s] -- Found FLANN: /usr/lib/x86_64-linux-gnu/libflann_cpp.so  
[15.083s] -- FLANN found (include: /usr/include, lib: /usr/lib/x86_64-linux-gnu/libflann_cpp.so)
[28.267s] -- Checking for module 'libusb-1.0'
[28.300s] --   Found libusb-1.0, version 1.0.25
[28.393s] -- Found libusb: /usr/lib/x86_64-linux-gnu/libusb-1.0.so  
[28.397s] -- OpenNI found (version: 1.5.4.0, include: /usr/include/ni, lib: /usr/lib/libOpenNI.so;libusb::libusb)
[28.539s] -- OpenNI2 found (version: 2.2.0.33, include: /usr/include/openni2, lib: /usr/lib/x86_64-linux-gnu/libOpenNI2.so;libusb::libusb)
[30.055s] -- Eigen found (include: /usr/include/eigen3, version: 3.4.0)
[30.082s] -- OpenNI found (version: 1.5.4.0, include: /usr/include/ni, lib: /usr/lib/libOpenNI.so;libusb::libusb)
[30.109s] -- OpenNI2 found (version: 2.2.0.33, include: /usr/include/openni2, lib: /usr/lib/x86_64-linux-gnu/libOpenNI2.so;libusb::libusb)
[31.644s] -- Found Qhull version 8.0.2
[33.139s] -- OpenNI found (version: 1.5.4.0, include: /usr/include/ni, lib: /usr/lib/libOpenNI.so;libusb::libusb)
[34.591s] -- Found PCL_COMMON: /usr/lib/x86_64-linux-gnu/libpcl_common.so  
[34.595s] -- Found PCL_KDTREE: /usr/lib/x86_64-linux-gnu/libpcl_kdtree.so  
[34.598s] -- Found PCL_OCTREE: /usr/lib/x86_64-linux-gnu/libpcl_octree.so  
[34.600s] -- Found PCL_SEARCH: /usr/lib/x86_64-linux-gnu/libpcl_search.so  
[34.602s] -- Found PCL_SAMPLE_CONSENSUS: /usr/lib/x86_64-linux-gnu/libpcl_sample_consensus.so  
[34.604s] -- Found PCL_FILTERS: /usr/lib/x86_64-linux-gnu/libpcl_filters.so  
[34.606s] -- Found PCL_2D: /usr/include/pcl-1.12  
[34.608s] -- Found PCL_GEOMETRY: /usr/include/pcl-1.12  
[34.610s] -- Found PCL_IO: /usr/lib/x86_64-linux-gnu/libpcl_io.so  
[34.612s] -- Found PCL_FEATURES: /usr/lib/x86_64-linux-gnu/libpcl_features.so  
[34.615s] -- Found PCL_ML: /usr/lib/x86_64-linux-gnu/libpcl_ml.so  
[34.618s] -- Found PCL_SEGMENTATION: /usr/lib/x86_64-linux-gnu/libpcl_segmentation.so  
[34.621s] -- Found PCL_VISUALIZATION: /usr/lib/x86_64-linux-gnu/libpcl_visualization.so  
[34.624s] -- Found PCL_SURFACE: /usr/lib/x86_64-linux-gnu/libpcl_surface.so  
[34.627s] -- Found PCL_REGISTRATION: /usr/lib/x86_64-linux-gnu/libpcl_registration.so  
[34.630s] -- Found PCL_KEYPOINTS: /usr/lib/x86_64-linux-gnu/libpcl_keypoints.so  
[34.634s] -- Found PCL_TRACKING: /usr/lib/x86_64-linux-gnu/libpcl_tracking.so  
[34.637s] -- Found PCL_RECOGNITION: /usr/lib/x86_64-linux-gnu/libpcl_recognition.so  
[34.640s] -- Found PCL_STEREO: /usr/lib/x86_64-linux-gnu/libpcl_stereo.so  
[34.642s] -- Found PCL_APPS: /usr/lib/x86_64-linux-gnu/libpcl_apps.so  
[34.645s] -- Found PCL_IN_HAND_SCANNER: /usr/include/pcl-1.12  
[34.647s] -- Found PCL_MODELER: /usr/include/pcl-1.12  
[34.649s] -- Found PCL_POINT_CLOUD_EDITOR: /usr/include/pcl-1.12  
[34.651s] -- Found PCL_OUTOFCORE: /usr/lib/x86_64-linux-gnu/libpcl_outofcore.so  
[34.654s] -- Found PCL_PEOPLE: /usr/lib/x86_64-linux-gnu/libpcl_people.so  
[35.214s] -- Found eigen3_cmake_module: 0.1.1 (/opt/ros/humble/share/eigen3_cmake_module/cmake)
[35.226s] -- Found Eigen3: TRUE (found version "3.4.0") 
[35.228s] -- Ensuring Eigen3 include directory is part of orocos-kdl CMake target
[37.565s] -- Configuring done (37.2s)
[39.393s] -- Generating done (1.6s)
[40.149s] -- Build files have been written to: /workspace/multi_lidar_ws/build/multi_lidar_calibration
[40.198s] Invoked command in '/workspace/multi_lidar_ws/build/multi_lidar_calibration' returned '0': CMAKE_PREFIX_PATH=/opt/ros/humble /usr/local/bin/cmake /workspace/multi_lidar_ws/src/multi_lidar_calibration -DAMENT_CMAKE_SYMLINK_INSTALL=1 -DCMAKE_INSTALL_PREFIX=/workspace/multi_lidar_ws/install/multi_lidar_calibration
[40.241s] Invoking command in '/workspace/multi_lidar_ws/build/multi_lidar_calibration': CMAKE_PREFIX_PATH=/opt/ros/humble /usr/local/bin/cmake --build /workspace/multi_lidar_ws/build/multi_lidar_calibration -- -j16 -l16
[40.654s] [ 12%] [32mBuilding CXX object CMakeFiles/multi_lidar_calibration_icp.dir/src/multi_lidar_calibration_icp.cpp.o[0m
[213.721s] [ 25%] [32m[1mLinking CXX shared library libmulti_lidar_calibration_icp.so[0m
[231.847s] [ 25%] Built target multi_lidar_calibration_icp
[232.057s] [ 50%] [32mBuilding CXX object CMakeFiles/multi_lidar_calibration_ndt.dir/src/multi_lidar_calibration_ndt.cpp.o[0m
[232.061s] [ 50%] [32mBuilding CXX object CMakeFiles/multi_lidar_calibration_icp_node.dir/src/multi_lidar_calibration_icp_node.cpp.o[0m
[269.283s] [ 62%] [32m[1mLinking CXX executable multi_lidar_calibration_icp_node[0m
[273.655s] [ 62%] Built target multi_lidar_calibration_icp_node
[324.574s] [ 75%] [32m[1mLinking CXX shared library libmulti_lidar_calibration_ndt.so[0m
[341.500s] [ 75%] Built target multi_lidar_calibration_ndt
[341.718s] [ 87%] [32mBuilding CXX object CMakeFiles/multi_lidar_calibration_ndt_node.dir/src/multi_lidar_calibration_ndt_node.cpp.o[0m
[369.611s] [100%] [32m[1mLinking CXX executable multi_lidar_calibration_ndt_node[0m
[372.827s] [100%] Built target multi_lidar_calibration_ndt_node
[373.132s] Invoked command in '/workspace/multi_lidar_ws/build/multi_lidar_calibration' returned '0': CMAKE_PREFIX_PATH=/opt/ros/humble /usr/local/bin/cmake --build /workspace/multi_lidar_ws/build/multi_lidar_calibration -- -j16 -l16
[373.423s] Invoking command in '/workspace/multi_lidar_ws/build/multi_lidar_calibration': CMAKE_PREFIX_PATH=/opt/ros/humble /usr/local/bin/cmake --install /workspace/multi_lidar_ws/build/multi_lidar_calibration
[373.465s] -- Install configuration: ""
[373.469s] -- Execute custom install script
[373.553s] -- Symlinking: /workspace/multi_lidar_ws/install/multi_lidar_calibration/include/multi_lidar_calibration/multi_lidar_calibration_icp.hpp
[373.618s] -- Symlinking: /workspace/multi_lidar_ws/install/multi_lidar_calibration/include/multi_lidar_calibration/multi_lidar_calibration_ndt.hpp
[373.713s] -- Symlinking: /workspace/multi_lidar_ws/install/multi_lidar_calibration/share/multi_lidar_calibration/environment/library_path.sh
[373.781s] -- Symlinking: /workspace/multi_lidar_ws/install/multi_lidar_calibration/share/multi_lidar_calibration/environment/library_path.dsv
[373.871s] -- Symlinking: /workspace/multi_lidar_ws/install/multi_lidar_calibration/lib/libmulti_lidar_calibration_icp.so
[373.924s] -- Symlinking: /workspace/multi_lidar_ws/install/multi_lidar_calibration/lib/libmulti_lidar_calibration_ndt.so
[374.005s] -- Symlinking: /workspace/multi_lidar_ws/install/multi_lidar_calibration/lib/multi_lidar_calibration/multi_lidar_calibration_icp_node
[374.069s] -- Symlinking: /workspace/multi_lidar_ws/install/multi_lidar_calibration/lib/multi_lidar_calibration/multi_lidar_calibration_ndt_node
[374.189s] -- Symlinking: /workspace/multi_lidar_ws/install/multi_lidar_calibration/share/multi_lidar_calibration/launch/multi_lidar_calibration_icp.launch.xml
[374.269s] -- Symlinking: /workspace/multi_lidar_ws/install/multi_lidar_calibration/share/multi_lidar_calibration/launch/multi_lidar_calibration_ndt.launch.xml
[374.381s] -- Symlinking: /workspace/multi_lidar_ws/install/multi_lidar_calibration/share/ament_index/resource_index/package_run_dependencies/multi_lidar_calibration
[374.505s] -- Symlinking: /workspace/multi_lidar_ws/install/multi_lidar_calibration/share/ament_index/resource_index/parent_prefix_path/multi_lidar_calibration
[374.605s] -- Symlinking: /workspace/multi_lidar_ws/install/multi_lidar_calibration/share/multi_lidar_calibration/environment/ament_prefix_path.sh
[374.681s] -- Symlinking: /workspace/multi_lidar_ws/install/multi_lidar_calibration/share/multi_lidar_calibration/environment/ament_prefix_path.dsv
[374.755s] -- Symlinking: /workspace/multi_lidar_ws/install/multi_lidar_calibration/share/multi_lidar_calibration/environment/path.sh
[374.827s] -- Symlinking: /workspace/multi_lidar_ws/install/multi_lidar_calibration/share/multi_lidar_calibration/environment/path.dsv
[374.902s] -- Symlinking: /workspace/multi_lidar_ws/install/multi_lidar_calibration/share/multi_lidar_calibration/local_setup.bash
[374.967s] -- Symlinking: /workspace/multi_lidar_ws/install/multi_lidar_calibration/share/multi_lidar_calibration/local_setup.sh
[375.055s] -- Symlinking: /workspace/multi_lidar_ws/install/multi_lidar_calibration/share/multi_lidar_calibration/local_setup.zsh
[375.120s] -- Symlinking: /workspace/multi_lidar_ws/install/multi_lidar_calibration/share/multi_lidar_calibration/local_setup.dsv
[375.186s] -- Symlinking: /workspace/multi_lidar_ws/install/multi_lidar_calibration/share/multi_lidar_calibration/package.dsv
[375.281s] -- Symlinking: /workspace/multi_lidar_ws/install/multi_lidar_calibration/share/ament_index/resource_index/packages/multi_lidar_calibration
[375.389s] -- Symlinking: /workspace/multi_lidar_ws/install/multi_lidar_calibration/share/multi_lidar_calibration/cmake/ament_cmake_export_dependencies-extras.cmake
[375.466s] -- Symlinking: /workspace/multi_lidar_ws/install/multi_lidar_calibration/share/multi_lidar_calibration/cmake/ament_cmake_export_include_directories-extras.cmake
[375.586s] -- Symlinking: /workspace/multi_lidar_ws/install/multi_lidar_calibration/share/multi_lidar_calibration/cmake/ament_cmake_export_libraries-extras.cmake
[375.667s] -- Symlinking: /workspace/multi_lidar_ws/install/multi_lidar_calibration/share/multi_lidar_calibration/cmake/multi_lidar_calibrationConfig.cmake
[375.734s] -- Symlinking: /workspace/multi_lidar_ws/install/multi_lidar_calibration/share/multi_lidar_calibration/cmake/multi_lidar_calibrationConfig-version.cmake
[375.810s] -- Symlinking: /workspace/multi_lidar_ws/install/multi_lidar_calibration/share/multi_lidar_calibration/package.xml
[375.881s] Invoked command in '/workspace/multi_lidar_ws/build/multi_lidar_calibration' returned '0': CMAKE_PREFIX_PATH=/opt/ros/humble /usr/local/bin/cmake --install /workspace/multi_lidar_ws/build/multi_lidar_calibration
