[11.829s] Invoking command in '/workspace/colcon_ws/src/lidar_calibration': PYTHONPATH=/workspace/colcon_ws/build/lidar_calibration/prefix_override:/usr/lib/python3/dist-packages/colcon_core/task/python/colcon_distutils_commands:/workspace/colcon_ws/install/lidar_calibration/lib/python3.10/site-packages:${PYTHONPATH} /usr/bin/python3 -W ignore:setup.py install is deprecated -W ignore:easy_install command is deprecated setup.py egg_info --egg-base ../../build/lidar_calibration build --build-base /workspace/colcon_ws/build/lidar_calibration/build install --record /workspace/colcon_ws/build/lidar_calibration/install.log --single-version-externally-managed install_data
[15.548s] running egg_info
[15.564s] writing ../../build/lidar_calibration/lidar_calibration.egg-info/PKG-INFO
[15.614s] writing dependency_links to ../../build/lidar_calibration/lidar_calibration.egg-info/dependency_links.txt
[15.640s] writing entry points to ../../build/lidar_calibration/lidar_calibration.egg-info/entry_points.txt
[15.667s] writing requirements to ../../build/lidar_calibration/lidar_calibration.egg-info/requires.txt
[15.680s] writing top-level names to ../../build/lidar_calibration/lidar_calibration.egg-info/top_level.txt
[15.895s] reading manifest file '../../build/lidar_calibration/lidar_calibration.egg-info/SOURCES.txt'
[16.199s] writing manifest file '../../build/lidar_calibration/lidar_calibration.egg-info/SOURCES.txt'
[16.226s] running build
[16.234s] running build_py
[16.382s] running install
[16.386s] running install_lib
[16.854s] running install_data
[17.004s] running install_egg_info
[17.099s] removing '/workspace/colcon_ws/install/lidar_calibration/lib/python3.10/site-packages/lidar_calibration-0.0.0-py3.10.egg-info' (and everything under it)
[17.589s] Copying ../../build/lidar_calibration/lidar_calibration.egg-info to /workspace/colcon_ws/install/lidar_calibration/lib/python3.10/site-packages/lidar_calibration-0.0.0-py3.10.egg-info
[18.972s] running install_scripts
[19.176s] Installing lidar_calibration_node script to /workspace/colcon_ws/install/lidar_calibration/lib/lidar_calibration
[19.212s] writing list of installed files to '/workspace/colcon_ws/build/lidar_calibration/install.log'
[19.384s] Invoked command in '/workspace/colcon_ws/src/lidar_calibration' returned '0': PYTHONPATH=/workspace/colcon_ws/build/lidar_calibration/prefix_override:/usr/lib/python3/dist-packages/colcon_core/task/python/colcon_distutils_commands:/workspace/colcon_ws/install/lidar_calibration/lib/python3.10/site-packages:${PYTHONPATH} /usr/bin/python3 -W ignore:setup.py install is deprecated -W ignore:easy_install command is deprecated setup.py egg_info --egg-base ../../build/lidar_calibration build --build-base /workspace/colcon_ws/build/lidar_calibration/build install --record /workspace/colcon_ws/build/lidar_calibration/install.log --single-version-externally-managed install_data
