[6.446s] Invoking command in '/workspace/colcon_ws/build/lidar_calibration': PYTHONPATH=/workspace/colcon_ws/build/lidar_calibration/prefix_override:/usr/lib/python3/dist-packages/colcon_core/task/python/colcon_distutils_commands:/workspace/colcon_ws/install/lidar_calibration/lib/python3.10/site-packages:${PYTHONPATH} /usr/bin/python3 -W ignore:setup.py install is deprecated -W ignore:easy_install command is deprecated setup.py develop --editable --build-directory /workspace/colcon_ws/build/lidar_calibration/build --no-deps symlink_data
[9.373s] running develop
[10.115s] running egg_info
[10.117s] creating lidar_calibration.egg-info
[10.121s] writing lidar_calibration.egg-info/PKG-INFO
[10.142s] writing dependency_links to lidar_calibration.egg-info/dependency_links.txt
[10.153s] writing entry points to lidar_calibration.egg-info/entry_points.txt
[10.163s] writing requirements to lidar_calibration.egg-info/requires.txt
[10.173s] writing top-level names to lidar_calibration.egg-info/top_level.txt
[10.211s] writing manifest file 'lidar_calibration.egg-info/SOURCES.txt'
[10.374s] reading manifest file 'lidar_calibration.egg-info/SOURCES.txt'
[10.546s] writing manifest file 'lidar_calibration.egg-info/SOURCES.txt'
[10.591s] running build_ext
[10.594s] Creating /workspace/colcon_ws/install/lidar_calibration/lib/python3.10/site-packages/lidar-calibration.egg-link (link to .)
[10.668s] Installing lidar_calibration_node script to /workspace/colcon_ws/install/lidar_calibration/lib/lidar_calibration
[10.718s] Installing uncalibrated_node script to /workspace/colcon_ws/install/lidar_calibration/lib/lidar_calibration
[10.787s] 
[10.790s] Installed /workspace/colcon_ws/build/lidar_calibration
[10.799s] running symlink_data
[10.826s] creating /workspace/colcon_ws/install/lidar_calibration/share/ament_index
[10.833s] creating /workspace/colcon_ws/install/lidar_calibration/share/ament_index/resource_index
[10.844s] creating /workspace/colcon_ws/install/lidar_calibration/share/ament_index/resource_index/packages
[10.897s] symbolically linking /workspace/colcon_ws/build/lidar_calibration/resource/lidar_calibration -> /workspace/colcon_ws/install/lidar_calibration/share/ament_index/resource_index/packages
[10.960s] symbolically linking /workspace/colcon_ws/build/lidar_calibration/package.xml -> /workspace/colcon_ws/install/lidar_calibration/share/lidar_calibration
[11.071s] Invoked command in '/workspace/colcon_ws/build/lidar_calibration' returned '0': PYTHONPATH=/workspace/colcon_ws/build/lidar_calibration/prefix_override:/usr/lib/python3/dist-packages/colcon_core/task/python/colcon_distutils_commands:/workspace/colcon_ws/install/lidar_calibration/lib/python3.10/site-packages:${PYTHONPATH} /usr/bin/python3 -W ignore:setup.py install is deprecated -W ignore:easy_install command is deprecated setup.py develop --editable --build-directory /workspace/colcon_ws/build/lidar_calibration/build --no-deps symlink_data
