[1.187s] DEBUG:colcon:Command line arguments: ['/usr/bin/colcon', 'build', '--packages-select', 'lidar_calibration', '--symlink-install']
[1.190s] DEBUG:colcon:Parsed command line arguments: Namespace(log_base=None, log_level=None, verb_name='build', build_base='build', install_base='install', merge_install=False, symlink_install=True, test_result_base=None, continue_on_error=False, executor='parallel', parallel_workers=16, event_handlers=None, ignore_user_meta=False, metas=['./colcon.meta'], base_paths=['.'], packages_ignore=None, packages_ignore_regex=None, paths=None, packages_up_to=None, packages_up_to_regex=None, packages_above=None, packages_above_and_dependencies=None, packages_above_depth=None, packages_select_by_dep=None, packages_skip_by_dep=None, packages_skip_up_to=None, packages_select_build_failed=False, packages_skip_build_finished=False, packages_select_test_failures=False, packages_skip_test_passed=False, packages_select=['lidar_calibration'], packages_skip=None, packages_select_regex=None, packages_skip_regex=None, packages_start=None, packages_end=None, allow_overriding=[], cmake_args=None, cmake_target=None, cmake_target_skip_unavailable=False, cmake_clean_cache=False, cmake_clean_first=False, cmake_force_configure=False, ament_cmake_args=None, catkin_cmake_args=None, catkin_skip_building_tests=False, verb_parser=<colcon_defaults.argument_parser.defaults.DefaultArgumentsDecorator object at 0x7ff2dd501a80>, verb_extension=<colcon_core.verb.build.BuildVerb object at 0x7ff2dd501540>, main=<bound method BuildVerb.main of <colcon_core.verb.build.BuildVerb object at 0x7ff2dd501540>>)
[2.607s] Level 1:colcon.colcon_core.package_discovery:discover_packages(colcon_meta) check parameters
[2.608s] Level 1:colcon.colcon_core.package_discovery:discover_packages(recursive) check parameters
[2.609s] Level 1:colcon.colcon_core.package_discovery:discover_packages(ignore) check parameters
[2.610s] Level 1:colcon.colcon_core.package_discovery:discover_packages(path) check parameters
[2.611s] Level 1:colcon.colcon_core.package_discovery:discover_packages(colcon_meta) discover
[2.611s] Level 1:colcon.colcon_core.package_discovery:discover_packages(recursive) discover
[2.613s] INFO:colcon.colcon_core.package_discovery:Crawling recursively for packages in '/workspace/colcon_ws'
[2.618s] Level 1:colcon.colcon_core.package_identification:_identify(.) by extensions ['ignore', 'ignore_ament_install']
[2.619s] Level 1:colcon.colcon_core.package_identification:_identify(.) by extension 'ignore'
[2.620s] Level 1:colcon.colcon_core.package_identification:_identify(.) by extension 'ignore_ament_install'
[2.622s] Level 1:colcon.colcon_core.package_identification:_identify(.) by extensions ['colcon_pkg']
[2.623s] Level 1:colcon.colcon_core.package_identification:_identify(.) by extension 'colcon_pkg'
[2.624s] Level 1:colcon.colcon_core.package_identification:_identify(.) by extensions ['colcon_meta']
[2.625s] Level 1:colcon.colcon_core.package_identification:_identify(.) by extension 'colcon_meta'
[2.626s] Level 1:colcon.colcon_core.package_identification:_identify(.) by extensions ['ros']
[2.627s] Level 1:colcon.colcon_core.package_identification:_identify(.) by extension 'ros'
[2.875s] Level 1:colcon.colcon_core.package_identification:_identify(.) by extensions ['cmake', 'python']
[2.876s] Level 1:colcon.colcon_core.package_identification:_identify(.) by extension 'cmake'
[2.877s] Level 1:colcon.colcon_core.package_identification:_identify(.) by extension 'python'
[2.878s] Level 1:colcon.colcon_core.package_identification:_identify(.) by extensions ['python_setup_py']
[2.879s] Level 1:colcon.colcon_core.package_identification:_identify(.) by extension 'python_setup_py'
[2.892s] Level 1:colcon.colcon_core.package_identification:_identify(build) by extensions ['ignore', 'ignore_ament_install']
[2.892s] Level 1:colcon.colcon_core.package_identification:_identify(build) by extension 'ignore'
[2.896s] Level 1:colcon.colcon_core.package_identification:_identify(build) ignored
[2.905s] Level 1:colcon.colcon_core.package_identification:_identify(install) by extensions ['ignore', 'ignore_ament_install']
[2.906s] Level 1:colcon.colcon_core.package_identification:_identify(install) by extension 'ignore'
[2.911s] Level 1:colcon.colcon_core.package_identification:_identify(install) ignored
[2.929s] Level 1:colcon.colcon_core.package_identification:_identify(log) by extensions ['ignore', 'ignore_ament_install']
[2.930s] Level 1:colcon.colcon_core.package_identification:_identify(log) by extension 'ignore'
[2.932s] Level 1:colcon.colcon_core.package_identification:_identify(log) ignored
[2.940s] Level 1:colcon.colcon_core.package_identification:_identify(src) by extensions ['ignore', 'ignore_ament_install']
[2.941s] Level 1:colcon.colcon_core.package_identification:_identify(src) by extension 'ignore'
[2.944s] Level 1:colcon.colcon_core.package_identification:_identify(src) by extension 'ignore_ament_install'
[2.951s] Level 1:colcon.colcon_core.package_identification:_identify(src) by extensions ['colcon_pkg']
[2.952s] Level 1:colcon.colcon_core.package_identification:_identify(src) by extension 'colcon_pkg'
[2.956s] Level 1:colcon.colcon_core.package_identification:_identify(src) by extensions ['colcon_meta']
[2.957s] Level 1:colcon.colcon_core.package_identification:_identify(src) by extension 'colcon_meta'
[2.959s] Level 1:colcon.colcon_core.package_identification:_identify(src) by extensions ['ros']
[2.960s] Level 1:colcon.colcon_core.package_identification:_identify(src) by extension 'ros'
[2.972s] Level 1:colcon.colcon_core.package_identification:_identify(src) by extensions ['cmake', 'python']
[2.973s] Level 1:colcon.colcon_core.package_identification:_identify(src) by extension 'cmake'
[2.975s] Level 1:colcon.colcon_core.package_identification:_identify(src) by extension 'python'
[2.978s] Level 1:colcon.colcon_core.package_identification:_identify(src) by extensions ['python_setup_py']
[2.981s] Level 1:colcon.colcon_core.package_identification:_identify(src) by extension 'python_setup_py'
[2.998s] Level 1:colcon.colcon_core.package_identification:_identify(src/lidar_calibration) by extensions ['ignore', 'ignore_ament_install']
[2.999s] Level 1:colcon.colcon_core.package_identification:_identify(src/lidar_calibration) by extension 'ignore'
[3.003s] Level 1:colcon.colcon_core.package_identification:_identify(src/lidar_calibration) by extension 'ignore_ament_install'
[3.013s] Level 1:colcon.colcon_core.package_identification:_identify(src/lidar_calibration) by extensions ['colcon_pkg']
[3.014s] Level 1:colcon.colcon_core.package_identification:_identify(src/lidar_calibration) by extension 'colcon_pkg'
[3.020s] Level 1:colcon.colcon_core.package_identification:_identify(src/lidar_calibration) by extensions ['colcon_meta']
[3.021s] Level 1:colcon.colcon_core.package_identification:_identify(src/lidar_calibration) by extension 'colcon_meta'
[3.028s] Level 1:colcon.colcon_core.package_identification:_identify(src/lidar_calibration) by extensions ['ros']
[3.028s] Level 1:colcon.colcon_core.package_identification:_identify(src/lidar_calibration) by extension 'ros'
[3.098s] DEBUG:colcon.colcon_core.package_identification:Package 'src/lidar_calibration' with type 'ros.ament_python' and name 'lidar_calibration'
[3.099s] Level 1:colcon.colcon_core.package_discovery:discover_packages(recursive) using defaults
[3.099s] Level 1:colcon.colcon_core.package_discovery:discover_packages(ignore) discover
[3.100s] Level 1:colcon.colcon_core.package_discovery:discover_packages(ignore) using defaults
[3.101s] Level 1:colcon.colcon_core.package_discovery:discover_packages(path) discover
[3.102s] Level 1:colcon.colcon_core.package_discovery:discover_packages(path) using defaults
[3.387s] Level 1:colcon.colcon_core.package_discovery:discover_packages(prefix_path) check parameters
[3.388s] Level 1:colcon.colcon_core.package_discovery:discover_packages(prefix_path) discover
[3.409s] DEBUG:colcon.colcon_installed_package_information.package_discovery:Found 187 installed packages in /opt/ros/humble
[3.419s] Level 1:colcon.colcon_core.package_discovery:discover_packages(prefix_path) using defaults
[3.635s] Level 5:colcon.colcon_core.verb:set package 'lidar_calibration' build argument 'cmake_args' from command line to 'None'
[3.636s] Level 5:colcon.colcon_core.verb:set package 'lidar_calibration' build argument 'cmake_target' from command line to 'None'
[3.637s] Level 5:colcon.colcon_core.verb:set package 'lidar_calibration' build argument 'cmake_target_skip_unavailable' from command line to 'False'
[3.637s] Level 5:colcon.colcon_core.verb:set package 'lidar_calibration' build argument 'cmake_clean_cache' from command line to 'False'
[3.638s] Level 5:colcon.colcon_core.verb:set package 'lidar_calibration' build argument 'cmake_clean_first' from command line to 'False'
[3.639s] Level 5:colcon.colcon_core.verb:set package 'lidar_calibration' build argument 'cmake_force_configure' from command line to 'False'
[3.639s] Level 5:colcon.colcon_core.verb:set package 'lidar_calibration' build argument 'ament_cmake_args' from command line to 'None'
[3.640s] Level 5:colcon.colcon_core.verb:set package 'lidar_calibration' build argument 'catkin_cmake_args' from command line to 'None'
[3.641s] Level 5:colcon.colcon_core.verb:set package 'lidar_calibration' build argument 'catkin_skip_building_tests' from command line to 'False'
[3.641s] DEBUG:colcon.colcon_core.verb:Building package 'lidar_calibration' with the following arguments: {'ament_cmake_args': None, 'build_base': '/workspace/colcon_ws/build/lidar_calibration', 'catkin_cmake_args': None, 'catkin_skip_building_tests': False, 'cmake_args': None, 'cmake_clean_cache': False, 'cmake_clean_first': False, 'cmake_force_configure': False, 'cmake_target': None, 'cmake_target_skip_unavailable': False, 'install_base': '/workspace/colcon_ws/install/lidar_calibration', 'merge_install': False, 'path': '/workspace/colcon_ws/src/lidar_calibration', 'symlink_install': True, 'test_result_base': None}
[3.642s] INFO:colcon.colcon_core.executor:Executing jobs using 'parallel' executor
[3.648s] DEBUG:colcon.colcon_parallel_executor.executor.parallel:run_until_complete
[3.650s] INFO:colcon.colcon_ros.task.ament_python.build:Building ROS package in '/workspace/colcon_ws/src/lidar_calibration' with build type 'ament_python'
[3.651s] Level 1:colcon.colcon_core.shell:create_environment_hook('lidar_calibration', 'ament_prefix_path')
[3.683s] INFO:colcon.colcon_core.plugin_system:Skipping extension 'colcon_core.shell.bat': Not used on non-Windows systems
[3.685s] INFO:colcon.colcon_core.shell:Creating environment hook '/workspace/colcon_ws/install/lidar_calibration/share/lidar_calibration/hook/ament_prefix_path.ps1'
[3.759s] INFO:colcon.colcon_core.shell:Creating environment descriptor '/workspace/colcon_ws/install/lidar_calibration/share/lidar_calibration/hook/ament_prefix_path.dsv'
[3.805s] INFO:colcon.colcon_core.shell:Creating environment hook '/workspace/colcon_ws/install/lidar_calibration/share/lidar_calibration/hook/ament_prefix_path.sh'
[3.855s] INFO:colcon.colcon_core.shell:Skip shell extension 'powershell' for command environment: Not usable outside of PowerShell
[3.856s] DEBUG:colcon.colcon_core.shell:Skip shell extension 'dsv' for command environment
[5.493s] INFO:colcon.colcon_core.task.python.build:Building Python package in '/workspace/colcon_ws/src/lidar_calibration'
[5.495s] INFO:colcon.colcon_core.shell:Skip shell extension 'powershell' for command environment: Not usable outside of PowerShell
[5.496s] DEBUG:colcon.colcon_core.shell:Skip shell extension 'dsv' for command environment
[10.106s] DEBUG:colcon.colcon_core.event_handler.log_command:Invoking command in '/workspace/colcon_ws/build/lidar_calibration': PYTHONPATH=/workspace/colcon_ws/build/lidar_calibration/prefix_override:/usr/lib/python3/dist-packages/colcon_core/task/python/colcon_distutils_commands:/workspace/colcon_ws/install/lidar_calibration/lib/python3.10/site-packages:${PYTHONPATH} /usr/bin/python3 -W ignore:setup.py install is deprecated -W ignore:easy_install command is deprecated setup.py develop --editable --build-directory /workspace/colcon_ws/build/lidar_calibration/build --no-deps symlink_data
[14.727s] Level 1:colcon.colcon_core.shell:create_environment_hook('lidar_calibration', 'pythonpath_develop')
[14.729s] INFO:colcon.colcon_core.shell:Creating environment hook '/workspace/colcon_ws/build/lidar_calibration/share/lidar_calibration/hook/pythonpath_develop.ps1'
[14.731s] DEBUG:colcon.colcon_core.event_handler.log_command:Invoked command in '/workspace/colcon_ws/build/lidar_calibration' returned '0': PYTHONPATH=/workspace/colcon_ws/build/lidar_calibration/prefix_override:/usr/lib/python3/dist-packages/colcon_core/task/python/colcon_distutils_commands:/workspace/colcon_ws/install/lidar_calibration/lib/python3.10/site-packages:${PYTHONPATH} /usr/bin/python3 -W ignore:setup.py install is deprecated -W ignore:easy_install command is deprecated setup.py develop --editable --build-directory /workspace/colcon_ws/build/lidar_calibration/build --no-deps symlink_data
[14.784s] INFO:colcon.colcon_core.shell:Creating environment descriptor '/workspace/colcon_ws/build/lidar_calibration/share/lidar_calibration/hook/pythonpath_develop.dsv'
[14.831s] INFO:colcon.colcon_core.shell:Creating environment hook '/workspace/colcon_ws/build/lidar_calibration/share/lidar_calibration/hook/pythonpath_develop.sh'
[14.904s] Level 1:colcon.colcon_core.environment:checking '/workspace/colcon_ws/install/lidar_calibration' for CMake module files
[15.072s] Level 1:colcon.colcon_core.environment:checking '/workspace/colcon_ws/install/lidar_calibration' for CMake config files
[15.311s] Level 1:colcon.colcon_core.environment:checking '/workspace/colcon_ws/install/lidar_calibration/lib'
[15.326s] Level 1:colcon.colcon_core.environment:checking '/workspace/colcon_ws/install/lidar_calibration/bin'
[15.331s] Level 1:colcon.colcon_core.environment:checking '/workspace/colcon_ws/install/lidar_calibration/lib/pkgconfig/lidar_calibration.pc'
[15.339s] Level 1:colcon.colcon_core.environment:checking '/workspace/colcon_ws/install/lidar_calibration/lib/python3.10/site-packages'
[15.347s] Level 1:colcon.colcon_core.shell:create_environment_hook('lidar_calibration', 'pythonpath')
[15.349s] INFO:colcon.colcon_core.shell:Creating environment hook '/workspace/colcon_ws/install/lidar_calibration/share/lidar_calibration/hook/pythonpath.ps1'
[15.392s] INFO:colcon.colcon_core.shell:Creating environment descriptor '/workspace/colcon_ws/install/lidar_calibration/share/lidar_calibration/hook/pythonpath.dsv'
[15.437s] INFO:colcon.colcon_core.shell:Creating environment hook '/workspace/colcon_ws/install/lidar_calibration/share/lidar_calibration/hook/pythonpath.sh'
[15.484s] Level 1:colcon.colcon_core.environment:checking '/workspace/colcon_ws/install/lidar_calibration/bin'
[15.488s] Level 1:colcon.colcon_core.environment:create_environment_scripts_only(lidar_calibration)
[15.490s] INFO:colcon.colcon_core.shell:Creating package script '/workspace/colcon_ws/install/lidar_calibration/share/lidar_calibration/package.ps1'
[15.531s] INFO:colcon.colcon_core.shell:Creating package descriptor '/workspace/colcon_ws/install/lidar_calibration/share/lidar_calibration/package.dsv'
[15.571s] INFO:colcon.colcon_core.shell:Creating package script '/workspace/colcon_ws/install/lidar_calibration/share/lidar_calibration/package.sh'
[15.612s] INFO:colcon.colcon_core.shell:Creating package script '/workspace/colcon_ws/install/lidar_calibration/share/lidar_calibration/package.bash'
[15.655s] INFO:colcon.colcon_core.shell:Creating package script '/workspace/colcon_ws/install/lidar_calibration/share/lidar_calibration/package.zsh'
[15.694s] Level 1:colcon.colcon_core.environment:create_file_with_runtime_dependencies(/workspace/colcon_ws/install/lidar_calibration/share/colcon-core/packages/lidar_calibration)
[15.729s] DEBUG:colcon.colcon_parallel_executor.executor.parallel:closing loop
[15.731s] DEBUG:colcon.colcon_parallel_executor.executor.parallel:loop closed
[15.731s] DEBUG:colcon.colcon_parallel_executor.executor.parallel:run_until_complete finished with '0'
[15.732s] DEBUG:colcon.colcon_core.event_reactor:joining thread
[15.799s] INFO:colcon.colcon_core.plugin_system:Skipping extension 'colcon_notification.desktop_notification.notify_send': Could not find 'notify-send'
[15.800s] INFO:colcon.colcon_core.plugin_system:Skipping extension 'colcon_notification.desktop_notification.terminal_notifier': Not used on non-Darwin systems
[15.801s] INFO:colcon.colcon_core.plugin_system:Skipping extension 'colcon_notification.desktop_notification.win32': Not used on non-Windows systems
[15.802s] INFO:colcon.colcon_notification.desktop_notification:Sending desktop notification using 'notify2'
[15.815s] DEBUG:colcon.colcon_notification.desktop_notification.notify2:Failed to initialize notify2: org.freedesktop.DBus.Error.Spawn.ExecFailed: /usr/bin/dbus-launch terminated abnormally without any error message
[15.816s] DEBUG:colcon.colcon_core.event_reactor:joined thread
[15.819s] INFO:colcon.colcon_core.shell:Creating prefix script '/workspace/colcon_ws/install/local_setup.ps1'
[15.837s] INFO:colcon.colcon_core.shell:Creating prefix util module '/workspace/colcon_ws/install/_local_setup_util_ps1.py'
[15.861s] INFO:colcon.colcon_core.shell:Creating prefix chain script '/workspace/colcon_ws/install/setup.ps1'
[15.884s] INFO:colcon.colcon_core.shell:Creating prefix script '/workspace/colcon_ws/install/local_setup.sh'
[15.902s] INFO:colcon.colcon_core.shell:Creating prefix util module '/workspace/colcon_ws/install/_local_setup_util_sh.py'
[15.923s] INFO:colcon.colcon_core.shell:Creating prefix chain script '/workspace/colcon_ws/install/setup.sh'
[15.943s] INFO:colcon.colcon_core.shell:Creating prefix script '/workspace/colcon_ws/install/local_setup.bash'
[15.961s] INFO:colcon.colcon_core.shell:Creating prefix chain script '/workspace/colcon_ws/install/setup.bash'
[15.982s] INFO:colcon.colcon_core.shell:Creating prefix script '/workspace/colcon_ws/install/local_setup.zsh'
[16.002s] INFO:colcon.colcon_core.shell:Creating prefix chain script '/workspace/colcon_ws/install/setup.zsh'
