[0.350s] Invoking command in '/workspace/colcon_ws/build/kiss_icp': CMAKE_PREFIX_PATH=/opt/ros/humble /usr/local/bin/cmake /workspace/colcon_ws/src/kiss-icp/ros -DCMAKE_INSTALL_PREFIX=/workspace/colcon_ws/install/kiss_icp
[1.368s] -- The CXX compiler identification is GNU 11.4.0
[1.574s] -- Detecting CXX compiler ABI info
[3.625s] -- Detecting CXX compiler ABI info - done
[3.737s] -- Check for working CXX compiler: /usr/bin/c++ - skipped
[3.739s] -- Detecting CXX compile features
[3.742s] -- Detecting CXX compile features - done
[9.367s] [0mCMake Deprecation Warning at /workspace/colcon_ws/build/kiss_icp/_deps/sophus-src/CMakeLists.txt:1 (cmake_minimum_required):
[9.369s]   Compatibility with CMake < 3.5 will be removed from a future version of
[9.372s]   CMake.
[9.374s] 
[9.377s]   Update the VERSION argument <min> value or use a ...<max> suffix to tell
[9.380s]   CMake that the project does not need compatibility with older versions.
[9.383s] 
[9.386s] [0m
[9.790s] -- The C compiler identification is GNU 11.4.0
[10.029s] -- Detecting C compiler ABI info
[11.577s] -- Detecting C compiler ABI info - done
[11.682s] -- Check for working C compiler: /usr/bin/cc - skipped
[11.685s] -- Detecting C compile features
[11.688s] -- Detecting C compile features - done
[11.777s] -- Turning basic logging ON
[16.775s] [0mCMake Deprecation Warning at /workspace/colcon_ws/build/kiss_icp/_deps/tessil-src/CMakeLists.txt:1 (cmake_minimum_required):
[16.777s]   Compatibility with CMake < 3.5 will be removed from a future version of
[16.779s]   CMake.
[16.781s] 
[16.783s]   Update the VERSION argument <min> value or use a ...<max> suffix to tell
[16.785s]   CMake that the project does not need compatibility with older versions.
[16.787s] 
[16.789s] [0m
[17.185s] -- Found ament_cmake: 1.3.11 (/opt/ros/humble/share/ament_cmake/cmake)
[17.568s] -- Found Python3: /usr/bin/python3 (found version "3.10.12") found components: Interpreter 
[18.738s] -- Found geometry_msgs: 4.8.0 (/opt/ros/humble/share/geometry_msgs/cmake)
[19.465s] -- Found rosidl_generator_c: 3.1.6 (/opt/ros/humble/share/rosidl_generator_c/cmake)
[19.562s] -- Found rosidl_adapter: 3.1.6 (/opt/ros/humble/share/rosidl_adapter/cmake)
[19.758s] -- Found rosidl_generator_cpp: 3.1.6 (/opt/ros/humble/share/rosidl_generator_cpp/cmake)
[19.970s] -- Using all available rosidl_typesupport_c: rosidl_typesupport_fastrtps_c;rosidl_typesupport_introspection_c
[20.230s] -- Using all available rosidl_typesupport_cpp: rosidl_typesupport_fastrtps_cpp;rosidl_typesupport_introspection_cpp
[20.616s] -- Found nav_msgs: 4.2.4 (/opt/ros/humble/share/nav_msgs/cmake)
[20.821s] -- Found rclcpp: 16.0.11 (/opt/ros/humble/share/rclcpp/cmake)
[21.545s] -- Found rmw_implementation_cmake: 6.1.2 (/opt/ros/humble/share/rmw_implementation_cmake/cmake)
[21.610s] -- Found rmw_fastrtps_cpp: 6.2.7 (/opt/ros/humble/share/rmw_fastrtps_cpp/cmake)
[22.314s] -- Found OpenSSL: /usr/lib/x86_64-linux-gnu/libcrypto.so (found version "3.0.2")  
[22.483s] -- Found FastRTPS: /opt/ros/humble/include  
[22.739s] -- Using RMW implementation 'rmw_fastrtps_cpp' as default
[22.934s] -- Performing Test CMAKE_HAVE_LIBC_PTHREAD
[24.264s] -- Performing Test CMAKE_HAVE_LIBC_PTHREAD - Success
[24.266s] -- Found Threads: TRUE  
[24.646s] -- Found rclcpp_components: 16.0.11 (/opt/ros/humble/share/rclcpp_components/cmake)
[24.997s] -- Found sensor_msgs: 4.8.0 (/opt/ros/humble/share/sensor_msgs/cmake)
[25.139s] -- Found tf2_ros: 0.25.12 (/opt/ros/humble/share/tf2_ros/cmake)
[26.896s] -- Configuring done (26.4s)
[30.012s] -- Generating done (2.7s)
[31.652s] -- Build files have been written to: /workspace/colcon_ws/build/kiss_icp
[31.678s] Invoked command in '/workspace/colcon_ws/build/kiss_icp' returned '0': CMAKE_PREFIX_PATH=/opt/ros/humble /usr/local/bin/cmake /workspace/colcon_ws/src/kiss-icp/ros -DCMAKE_INSTALL_PREFIX=/workspace/colcon_ws/install/kiss_icp
[31.709s] Invoking command in '/workspace/colcon_ws/build/kiss_icp': CMAKE_PREFIX_PATH=/opt/ros/humble /usr/local/bin/cmake --build /workspace/colcon_ws/build/kiss_icp -- -j16 -l16
[32.198s] [  7%] [32mBuilding CXX object CMakeFiles/kiss_icp_node.dir/rclcpp_components/node_main_kiss_icp_node.cpp.o[0m
[32.225s] [ 14%] [32mBuilding CXX object kiss_icp/metrics/CMakeFiles/kiss_icp_metrics.dir/Metrics.cpp.o[0m
[32.243s] [ 21%] [32mBuilding CXX object kiss_icp/core/CMakeFiles/kiss_icp_core.dir/Registration.cpp.o[0m
[32.263s] [ 28%] [32mBuilding CXX object kiss_icp/core/CMakeFiles/kiss_icp_core.dir/VoxelHashMap.cpp.o[0m
[32.278s] [ 35%] [32mBuilding CXX object kiss_icp/core/CMakeFiles/kiss_icp_core.dir/VoxelUtils.cpp.o[0m
[32.295s] [ 50%] [32mBuilding CXX object kiss_icp/core/CMakeFiles/kiss_icp_core.dir/Preprocessing.cpp.o[0m
[32.299s] [ 50%] [32mBuilding CXX object kiss_icp/core/CMakeFiles/kiss_icp_core.dir/Threshold.cpp.o[0m
[100.053s] [ 57%] [32m[1mLinking CXX executable kiss_icp_node[0m
[101.639s] [ 57%] Built target kiss_icp_node
[103.558s] [ 64%] [32m[1mLinking CXX static library libkiss_icp_core.a[0m
[104.141s] [ 64%] Built target kiss_icp_core
[104.366s] [ 71%] [32mBuilding CXX object kiss_icp/pipeline/CMakeFiles/kiss_icp_pipeline.dir/KissICP.cpp.o[0m
[123.921s] [ 78%] [32m[1mLinking CXX static library libkiss_icp_pipeline.a[0m
[124.128s] [ 78%] Built target kiss_icp_pipeline
[124.303s] [ 85%] [32mBuilding CXX object CMakeFiles/odometry_component.dir/src/OdometryServer.cpp.o[0m
[127.003s] [ 92%] [32m[1mLinking CXX static library libkiss_icp_metrics.a[0m
[127.318s] [ 92%] Built target kiss_icp_metrics
[182.733s] [100%] [32m[1mLinking CXX shared library libodometry_component.so[0m
[186.131s] [100%] Built target odometry_component
[186.647s] Invoked command in '/workspace/colcon_ws/build/kiss_icp' returned '0': CMAKE_PREFIX_PATH=/opt/ros/humble /usr/local/bin/cmake --build /workspace/colcon_ws/build/kiss_icp -- -j16 -l16
[186.949s] Invoking command in '/workspace/colcon_ws/build/kiss_icp': CMAKE_PREFIX_PATH=/opt/ros/humble /usr/local/bin/cmake --install /workspace/colcon_ws/build/kiss_icp
[186.984s] -- Install configuration: "Release"
[187.145s] -- Installing: /workspace/colcon_ws/install/kiss_icp/lib/kiss_icp/kiss_icp_node
[187.353s] -- Set runtime path of "/workspace/colcon_ws/install/kiss_icp/lib/kiss_icp/kiss_icp_node" to ""
[187.382s] -- Installing: /workspace/colcon_ws/install/kiss_icp/lib/libodometry_component.so
[187.748s] -- Set runtime path of "/workspace/colcon_ws/install/kiss_icp/lib/libodometry_component.so" to ""
[187.768s] -- Installing: /workspace/colcon_ws/install/kiss_icp/share/kiss_icp//launch
[187.842s] -- Installing: /workspace/colcon_ws/install/kiss_icp/share/kiss_icp//launch/odometry.launch.py
[187.980s] -- Installing: /workspace/colcon_ws/install/kiss_icp/share/kiss_icp//rviz
[188.071s] -- Installing: /workspace/colcon_ws/install/kiss_icp/share/kiss_icp//rviz/kiss_icp.rviz
[188.316s] -- Installing: /workspace/colcon_ws/install/kiss_icp/share/ament_index/resource_index/package_run_dependencies/kiss_icp
[188.541s] -- Installing: /workspace/colcon_ws/install/kiss_icp/share/ament_index/resource_index/parent_prefix_path/kiss_icp
[188.739s] -- Installing: /workspace/colcon_ws/install/kiss_icp/share/kiss_icp/environment/ament_prefix_path.sh
[188.865s] -- Installing: /workspace/colcon_ws/install/kiss_icp/share/kiss_icp/environment/ament_prefix_path.dsv
[189.000s] -- Installing: /workspace/colcon_ws/install/kiss_icp/share/kiss_icp/environment/path.sh
[189.127s] -- Installing: /workspace/colcon_ws/install/kiss_icp/share/kiss_icp/environment/path.dsv
[189.280s] -- Installing: /workspace/colcon_ws/install/kiss_icp/share/kiss_icp/local_setup.bash
[189.424s] -- Installing: /workspace/colcon_ws/install/kiss_icp/share/kiss_icp/local_setup.sh
[189.550s] -- Installing: /workspace/colcon_ws/install/kiss_icp/share/kiss_icp/local_setup.zsh
[189.685s] -- Installing: /workspace/colcon_ws/install/kiss_icp/share/kiss_icp/local_setup.dsv
[189.825s] -- Installing: /workspace/colcon_ws/install/kiss_icp/share/kiss_icp/package.dsv
[190.030s] -- Installing: /workspace/colcon_ws/install/kiss_icp/share/ament_index/resource_index/packages/kiss_icp
[190.274s] -- Installing: /workspace/colcon_ws/install/kiss_icp/share/ament_index/resource_index/rclcpp_components/kiss_icp
[190.534s] -- Installing: /workspace/colcon_ws/install/kiss_icp/share/kiss_icp/cmake/kiss_icpConfig.cmake
[190.710s] -- Installing: /workspace/colcon_ws/install/kiss_icp/share/kiss_icp/cmake/kiss_icpConfig-version.cmake
[190.882s] -- Installing: /workspace/colcon_ws/install/kiss_icp/share/kiss_icp/package.xml
[191.028s] Invoked command in '/workspace/colcon_ws/build/kiss_icp' returned '0': CMAKE_PREFIX_PATH=/opt/ros/humble /usr/local/bin/cmake --install /workspace/colcon_ws/build/kiss_icp
