[2.611s] DEBUG:colcon:Command line arguments: ['/usr/bin/colcon', 'build']
[2.615s] DEBUG:colcon:Parsed command line arguments: Namespace(log_base=None, log_level=None, verb_name='build', build_base='build', install_base='install', merge_install=False, symlink_install=False, test_result_base=None, continue_on_error=False, executor='parallel', parallel_workers=16, event_handlers=None, ignore_user_meta=False, metas=['./colcon.meta'], base_paths=['.'], packages_ignore=None, packages_ignore_regex=None, paths=None, packages_up_to=None, packages_up_to_regex=None, packages_above=None, packages_above_and_dependencies=None, packages_above_depth=None, packages_select_by_dep=None, packages_skip_by_dep=None, packages_skip_up_to=None, packages_select_build_failed=False, packages_skip_build_finished=False, packages_select_test_failures=False, packages_skip_test_passed=False, packages_select=None, packages_skip=None, packages_select_regex=None, packages_skip_regex=None, packages_start=None, packages_end=None, allow_overriding=[], cmake_args=None, cmake_target=None, cmake_target_skip_unavailable=False, cmake_clean_cache=False, cmake_clean_first=False, cmake_force_configure=False, ament_cmake_args=None, catkin_cmake_args=None, catkin_skip_building_tests=False, verb_parser=<colcon_defaults.argument_parser.defaults.DefaultArgumentsDecorator object at 0x7f98ccf99c60>, verb_extension=<colcon_core.verb.build.BuildVerb object at 0x7f98ccf99720>, main=<bound method BuildVerb.main of <colcon_core.verb.build.BuildVerb object at 0x7f98ccf99720>>)
[4.281s] Level 1:colcon.colcon_core.package_discovery:discover_packages(colcon_meta) check parameters
[4.283s] Level 1:colcon.colcon_core.package_discovery:discover_packages(recursive) check parameters
[4.286s] Level 1:colcon.colcon_core.package_discovery:discover_packages(ignore) check parameters
[4.286s] Level 1:colcon.colcon_core.package_discovery:discover_packages(path) check parameters
[4.287s] Level 1:colcon.colcon_core.package_discovery:discover_packages(colcon_meta) discover
[4.287s] Level 1:colcon.colcon_core.package_discovery:discover_packages(recursive) discover
[4.288s] INFO:colcon.colcon_core.package_discovery:Crawling recursively for packages in '/workspace/colcon_ws'
[4.291s] Level 1:colcon.colcon_core.package_identification:_identify(.) by extensions ['ignore', 'ignore_ament_install']
[4.292s] Level 1:colcon.colcon_core.package_identification:_identify(.) by extension 'ignore'
[4.294s] Level 1:colcon.colcon_core.package_identification:_identify(.) by extension 'ignore_ament_install'
[4.298s] Level 1:colcon.colcon_core.package_identification:_identify(.) by extensions ['colcon_pkg']
[4.299s] Level 1:colcon.colcon_core.package_identification:_identify(.) by extension 'colcon_pkg'
[4.300s] Level 1:colcon.colcon_core.package_identification:_identify(.) by extensions ['colcon_meta']
[4.301s] Level 1:colcon.colcon_core.package_identification:_identify(.) by extension 'colcon_meta'
[4.302s] Level 1:colcon.colcon_core.package_identification:_identify(.) by extensions ['ros']
[4.303s] Level 1:colcon.colcon_core.package_identification:_identify(.) by extension 'ros'
[4.407s] Level 1:colcon.colcon_core.package_identification:_identify(.) by extensions ['cmake', 'python']
[4.407s] Level 1:colcon.colcon_core.package_identification:_identify(.) by extension 'cmake'
[4.409s] Level 1:colcon.colcon_core.package_identification:_identify(.) by extension 'python'
[4.410s] Level 1:colcon.colcon_core.package_identification:_identify(.) by extensions ['python_setup_py']
[4.410s] Level 1:colcon.colcon_core.package_identification:_identify(.) by extension 'python_setup_py'
[4.427s] Level 1:colcon.colcon_core.package_identification:_identify(build) by extensions ['ignore', 'ignore_ament_install']
[4.428s] Level 1:colcon.colcon_core.package_identification:_identify(build) by extension 'ignore'
[4.436s] Level 1:colcon.colcon_core.package_identification:_identify(build) ignored
[4.443s] Level 1:colcon.colcon_core.package_identification:_identify(install) by extensions ['ignore', 'ignore_ament_install']
[4.445s] Level 1:colcon.colcon_core.package_identification:_identify(install) by extension 'ignore'
[4.448s] Level 1:colcon.colcon_core.package_identification:_identify(install) ignored
[4.462s] Level 1:colcon.colcon_core.package_identification:_identify(log) by extensions ['ignore', 'ignore_ament_install']
[4.463s] Level 1:colcon.colcon_core.package_identification:_identify(log) by extension 'ignore'
[4.465s] Level 1:colcon.colcon_core.package_identification:_identify(log) ignored
[4.479s] Level 1:colcon.colcon_core.package_identification:_identify(src) by extensions ['ignore', 'ignore_ament_install']
[4.480s] Level 1:colcon.colcon_core.package_identification:_identify(src) by extension 'ignore'
[4.488s] Level 1:colcon.colcon_core.package_identification:_identify(src) by extension 'ignore_ament_install'
[4.500s] Level 1:colcon.colcon_core.package_identification:_identify(src) by extensions ['colcon_pkg']
[4.501s] Level 1:colcon.colcon_core.package_identification:_identify(src) by extension 'colcon_pkg'
[4.505s] Level 1:colcon.colcon_core.package_identification:_identify(src) by extensions ['colcon_meta']
[4.505s] Level 1:colcon.colcon_core.package_identification:_identify(src) by extension 'colcon_meta'
[4.508s] Level 1:colcon.colcon_core.package_identification:_identify(src) by extensions ['ros']
[4.509s] Level 1:colcon.colcon_core.package_identification:_identify(src) by extension 'ros'
[4.520s] Level 1:colcon.colcon_core.package_identification:_identify(src) by extensions ['cmake', 'python']
[4.521s] Level 1:colcon.colcon_core.package_identification:_identify(src) by extension 'cmake'
[4.523s] Level 1:colcon.colcon_core.package_identification:_identify(src) by extension 'python'
[4.525s] Level 1:colcon.colcon_core.package_identification:_identify(src) by extensions ['python_setup_py']
[4.526s] Level 1:colcon.colcon_core.package_identification:_identify(src) by extension 'python_setup_py'
[4.553s] Level 1:colcon.colcon_core.package_identification:_identify(src/kiss-icp) by extensions ['ignore', 'ignore_ament_install']
[4.555s] Level 1:colcon.colcon_core.package_identification:_identify(src/kiss-icp) by extension 'ignore'
[4.562s] Level 1:colcon.colcon_core.package_identification:_identify(src/kiss-icp) by extension 'ignore_ament_install'
[4.573s] Level 1:colcon.colcon_core.package_identification:_identify(src/kiss-icp) by extensions ['colcon_pkg']
[4.574s] Level 1:colcon.colcon_core.package_identification:_identify(src/kiss-icp) by extension 'colcon_pkg'
[4.579s] Level 1:colcon.colcon_core.package_identification:_identify(src/kiss-icp) by extensions ['colcon_meta']
[4.580s] Level 1:colcon.colcon_core.package_identification:_identify(src/kiss-icp) by extension 'colcon_meta'
[4.585s] Level 1:colcon.colcon_core.package_identification:_identify(src/kiss-icp) by extensions ['ros']
[4.586s] Level 1:colcon.colcon_core.package_identification:_identify(src/kiss-icp) by extension 'ros'
[4.621s] Level 1:colcon.colcon_core.package_identification:_identify(src/kiss-icp) by extensions ['cmake', 'python']
[4.622s] Level 1:colcon.colcon_core.package_identification:_identify(src/kiss-icp) by extension 'cmake'
[4.627s] Level 1:colcon.colcon_core.package_identification:_identify(src/kiss-icp) by extension 'python'
[4.633s] Level 1:colcon.colcon_core.package_identification:_identify(src/kiss-icp) by extensions ['python_setup_py']
[4.634s] Level 1:colcon.colcon_core.package_identification:_identify(src/kiss-icp) by extension 'python_setup_py'
[4.659s] Level 1:colcon.colcon_core.package_identification:_identify(src/kiss-icp/config) by extensions ['ignore', 'ignore_ament_install']
[4.661s] Level 1:colcon.colcon_core.package_identification:_identify(src/kiss-icp/config) by extension 'ignore'
[4.669s] Level 1:colcon.colcon_core.package_identification:_identify(src/kiss-icp/config) by extension 'ignore_ament_install'
[4.681s] Level 1:colcon.colcon_core.package_identification:_identify(src/kiss-icp/config) by extensions ['colcon_pkg']
[4.682s] Level 1:colcon.colcon_core.package_identification:_identify(src/kiss-icp/config) by extension 'colcon_pkg'
[4.688s] Level 1:colcon.colcon_core.package_identification:_identify(src/kiss-icp/config) by extensions ['colcon_meta']
[4.689s] Level 1:colcon.colcon_core.package_identification:_identify(src/kiss-icp/config) by extension 'colcon_meta'
[4.700s] Level 1:colcon.colcon_core.package_identification:_identify(src/kiss-icp/config) by extensions ['ros']
[4.701s] Level 1:colcon.colcon_core.package_identification:_identify(src/kiss-icp/config) by extension 'ros'
[4.731s] Level 1:colcon.colcon_core.package_identification:_identify(src/kiss-icp/config) by extensions ['cmake', 'python']
[4.732s] Level 1:colcon.colcon_core.package_identification:_identify(src/kiss-icp/config) by extension 'cmake'
[4.738s] Level 1:colcon.colcon_core.package_identification:_identify(src/kiss-icp/config) by extension 'python'
[4.748s] Level 1:colcon.colcon_core.package_identification:_identify(src/kiss-icp/config) by extensions ['python_setup_py']
[4.750s] Level 1:colcon.colcon_core.package_identification:_identify(src/kiss-icp/config) by extension 'python_setup_py'
[4.783s] Level 1:colcon.colcon_core.package_identification:_identify(src/kiss-icp/cpp) by extensions ['ignore', 'ignore_ament_install']
[4.784s] Level 1:colcon.colcon_core.package_identification:_identify(src/kiss-icp/cpp) by extension 'ignore'
[4.790s] Level 1:colcon.colcon_core.package_identification:_identify(src/kiss-icp/cpp) ignored
[4.828s] Level 1:colcon.colcon_core.package_identification:_identify(src/kiss-icp/eval) by extensions ['ignore', 'ignore_ament_install']
[4.829s] Level 1:colcon.colcon_core.package_identification:_identify(src/kiss-icp/eval) by extension 'ignore'
[4.834s] Level 1:colcon.colcon_core.package_identification:_identify(src/kiss-icp/eval) by extension 'ignore_ament_install'
[4.845s] Level 1:colcon.colcon_core.package_identification:_identify(src/kiss-icp/eval) by extensions ['colcon_pkg']
[4.845s] Level 1:colcon.colcon_core.package_identification:_identify(src/kiss-icp/eval) by extension 'colcon_pkg'
[4.853s] Level 1:colcon.colcon_core.package_identification:_identify(src/kiss-icp/eval) by extensions ['colcon_meta']
[4.854s] Level 1:colcon.colcon_core.package_identification:_identify(src/kiss-icp/eval) by extension 'colcon_meta'
[4.873s] Level 1:colcon.colcon_core.package_identification:_identify(src/kiss-icp/eval) by extensions ['ros']
[4.874s] Level 1:colcon.colcon_core.package_identification:_identify(src/kiss-icp/eval) by extension 'ros'
[4.906s] Level 1:colcon.colcon_core.package_identification:_identify(src/kiss-icp/eval) by extensions ['cmake', 'python']
[4.911s] Level 1:colcon.colcon_core.package_identification:_identify(src/kiss-icp/eval) by extension 'cmake'
[4.919s] Level 1:colcon.colcon_core.package_identification:_identify(src/kiss-icp/eval) by extension 'python'
[4.932s] Level 1:colcon.colcon_core.package_identification:_identify(src/kiss-icp/eval) by extensions ['python_setup_py']
[4.933s] Level 1:colcon.colcon_core.package_identification:_identify(src/kiss-icp/eval) by extension 'python_setup_py'
[4.958s] Level 1:colcon.colcon_core.package_identification:_identify(src/kiss-icp/python) by extensions ['ignore', 'ignore_ament_install']
[4.959s] Level 1:colcon.colcon_core.package_identification:_identify(src/kiss-icp/python) by extension 'ignore'
[4.965s] Level 1:colcon.colcon_core.package_identification:_identify(src/kiss-icp/python) ignored
[4.997s] Level 1:colcon.colcon_core.package_identification:_identify(src/kiss-icp/ros) by extensions ['ignore', 'ignore_ament_install']
[4.999s] Level 1:colcon.colcon_core.package_identification:_identify(src/kiss-icp/ros) by extension 'ignore'
[5.006s] Level 1:colcon.colcon_core.package_identification:_identify(src/kiss-icp/ros) by extension 'ignore_ament_install'
[5.016s] Level 1:colcon.colcon_core.package_identification:_identify(src/kiss-icp/ros) by extensions ['colcon_pkg']
[5.017s] Level 1:colcon.colcon_core.package_identification:_identify(src/kiss-icp/ros) by extension 'colcon_pkg'
[5.023s] Level 1:colcon.colcon_core.package_identification:_identify(src/kiss-icp/ros) by extensions ['colcon_meta']
[5.025s] Level 1:colcon.colcon_core.package_identification:_identify(src/kiss-icp/ros) by extension 'colcon_meta'
[5.037s] Level 1:colcon.colcon_core.package_identification:_identify(src/kiss-icp/ros) by extensions ['ros']
[5.038s] Level 1:colcon.colcon_core.package_identification:_identify(src/kiss-icp/ros) by extension 'ros'
[5.122s] DEBUG:colcon.colcon_core.package_identification:Package 'src/kiss-icp/ros' with type 'ros.ament_cmake' and name 'kiss_icp'
[5.131s] Level 1:colcon.colcon_core.package_identification:_identify(src/lidar_calibration) by extensions ['ignore', 'ignore_ament_install']
[5.132s] Level 1:colcon.colcon_core.package_identification:_identify(src/lidar_calibration) by extension 'ignore'
[5.136s] Level 1:colcon.colcon_core.package_identification:_identify(src/lidar_calibration) by extension 'ignore_ament_install'
[5.144s] Level 1:colcon.colcon_core.package_identification:_identify(src/lidar_calibration) by extensions ['colcon_pkg']
[5.146s] Level 1:colcon.colcon_core.package_identification:_identify(src/lidar_calibration) by extension 'colcon_pkg'
[5.152s] Level 1:colcon.colcon_core.package_identification:_identify(src/lidar_calibration) by extensions ['colcon_meta']
[5.153s] Level 1:colcon.colcon_core.package_identification:_identify(src/lidar_calibration) by extension 'colcon_meta'
[5.171s] Level 1:colcon.colcon_core.package_identification:_identify(src/lidar_calibration) by extensions ['ros']
[5.171s] Level 1:colcon.colcon_core.package_identification:_identify(src/lidar_calibration) by extension 'ros'
[5.212s] DEBUG:colcon.colcon_core.package_identification:Package 'src/lidar_calibration' with type 'ros.ament_python' and name 'lidar_calibration'
[5.213s] Level 1:colcon.colcon_core.package_discovery:discover_packages(recursive) using defaults
[5.214s] Level 1:colcon.colcon_core.package_discovery:discover_packages(ignore) discover
[5.215s] Level 1:colcon.colcon_core.package_discovery:discover_packages(ignore) using defaults
[5.215s] Level 1:colcon.colcon_core.package_discovery:discover_packages(path) discover
[5.217s] Level 1:colcon.colcon_core.package_discovery:discover_packages(path) using defaults
[5.620s] Level 1:colcon.colcon_core.package_discovery:discover_packages(prefix_path) check parameters
[5.622s] Level 1:colcon.colcon_core.package_discovery:discover_packages(prefix_path) discover
[5.989s] DEBUG:colcon.colcon_installed_package_information.package_discovery:Found 2 installed packages in /workspace/colcon_ws/install
[5.997s] DEBUG:colcon.colcon_installed_package_information.package_discovery:Found 187 installed packages in /opt/ros/humble
[6.016s] Level 1:colcon.colcon_core.package_discovery:discover_packages(prefix_path) using defaults
[6.667s] Level 5:colcon.colcon_core.verb:set package 'kiss_icp' build argument 'cmake_args' from command line to 'None'
[6.668s] Level 5:colcon.colcon_core.verb:set package 'kiss_icp' build argument 'cmake_target' from command line to 'None'
[6.668s] Level 5:colcon.colcon_core.verb:set package 'kiss_icp' build argument 'cmake_target_skip_unavailable' from command line to 'False'
[6.669s] Level 5:colcon.colcon_core.verb:set package 'kiss_icp' build argument 'cmake_clean_cache' from command line to 'False'
[6.669s] Level 5:colcon.colcon_core.verb:set package 'kiss_icp' build argument 'cmake_clean_first' from command line to 'False'
[6.670s] Level 5:colcon.colcon_core.verb:set package 'kiss_icp' build argument 'cmake_force_configure' from command line to 'False'
[6.671s] Level 5:colcon.colcon_core.verb:set package 'kiss_icp' build argument 'ament_cmake_args' from command line to 'None'
[6.672s] Level 5:colcon.colcon_core.verb:set package 'kiss_icp' build argument 'catkin_cmake_args' from command line to 'None'
[6.672s] Level 5:colcon.colcon_core.verb:set package 'kiss_icp' build argument 'catkin_skip_building_tests' from command line to 'False'
[6.673s] DEBUG:colcon.colcon_core.verb:Building package 'kiss_icp' with the following arguments: {'ament_cmake_args': None, 'build_base': '/workspace/colcon_ws/build/kiss_icp', 'catkin_cmake_args': None, 'catkin_skip_building_tests': False, 'cmake_args': None, 'cmake_clean_cache': False, 'cmake_clean_first': False, 'cmake_force_configure': False, 'cmake_target': None, 'cmake_target_skip_unavailable': False, 'install_base': '/workspace/colcon_ws/install/kiss_icp', 'merge_install': False, 'path': '/workspace/colcon_ws/src/kiss-icp/ros', 'symlink_install': False, 'test_result_base': None}
[6.674s] Level 5:colcon.colcon_core.verb:set package 'lidar_calibration' build argument 'cmake_args' from command line to 'None'
[6.675s] Level 5:colcon.colcon_core.verb:set package 'lidar_calibration' build argument 'cmake_target' from command line to 'None'
[6.676s] Level 5:colcon.colcon_core.verb:set package 'lidar_calibration' build argument 'cmake_target_skip_unavailable' from command line to 'False'
[6.677s] Level 5:colcon.colcon_core.verb:set package 'lidar_calibration' build argument 'cmake_clean_cache' from command line to 'False'
[6.683s] Level 5:colcon.colcon_core.verb:set package 'lidar_calibration' build argument 'cmake_clean_first' from command line to 'False'
[6.684s] Level 5:colcon.colcon_core.verb:set package 'lidar_calibration' build argument 'cmake_force_configure' from command line to 'False'
[6.685s] Level 5:colcon.colcon_core.verb:set package 'lidar_calibration' build argument 'ament_cmake_args' from command line to 'None'
[6.685s] Level 5:colcon.colcon_core.verb:set package 'lidar_calibration' build argument 'catkin_cmake_args' from command line to 'None'
[6.686s] Level 5:colcon.colcon_core.verb:set package 'lidar_calibration' build argument 'catkin_skip_building_tests' from command line to 'False'
[6.686s] DEBUG:colcon.colcon_core.verb:Building package 'lidar_calibration' with the following arguments: {'ament_cmake_args': None, 'build_base': '/workspace/colcon_ws/build/lidar_calibration', 'catkin_cmake_args': None, 'catkin_skip_building_tests': False, 'cmake_args': None, 'cmake_clean_cache': False, 'cmake_clean_first': False, 'cmake_force_configure': False, 'cmake_target': None, 'cmake_target_skip_unavailable': False, 'install_base': '/workspace/colcon_ws/install/lidar_calibration', 'merge_install': False, 'path': '/workspace/colcon_ws/src/lidar_calibration', 'symlink_install': False, 'test_result_base': None}
[6.687s] INFO:colcon.colcon_core.executor:Executing jobs using 'parallel' executor
[6.699s] DEBUG:colcon.colcon_parallel_executor.executor.parallel:run_until_complete
[6.702s] INFO:colcon.colcon_ros.task.ament_cmake.build:Building ROS package in '/workspace/colcon_ws/src/kiss-icp/ros' with build type 'ament_cmake'
[6.705s] INFO:colcon.colcon_cmake.task.cmake.build:Building CMake package in '/workspace/colcon_ws/src/kiss-icp/ros'
[6.776s] INFO:colcon.colcon_core.plugin_system:Skipping extension 'colcon_core.shell.bat': Not used on non-Windows systems
[6.778s] INFO:colcon.colcon_core.shell:Skip shell extension 'powershell' for command environment: Not usable outside of PowerShell
[6.779s] DEBUG:colcon.colcon_core.shell:Skip shell extension 'dsv' for command environment
[6.967s] INFO:colcon.colcon_ros.task.ament_python.build:Building ROS package in '/workspace/colcon_ws/src/lidar_calibration' with build type 'ament_python'
[6.972s] Level 1:colcon.colcon_core.shell:create_environment_hook('lidar_calibration', 'ament_prefix_path')
[6.974s] INFO:colcon.colcon_core.shell:Creating environment hook '/workspace/colcon_ws/install/lidar_calibration/share/lidar_calibration/hook/ament_prefix_path.ps1'
[7.041s] INFO:colcon.colcon_core.shell:Creating environment descriptor '/workspace/colcon_ws/install/lidar_calibration/share/lidar_calibration/hook/ament_prefix_path.dsv'
[7.092s] INFO:colcon.colcon_core.shell:Creating environment hook '/workspace/colcon_ws/install/lidar_calibration/share/lidar_calibration/hook/ament_prefix_path.sh'
[7.165s] INFO:colcon.colcon_core.shell:Skip shell extension 'powershell' for command environment: Not usable outside of PowerShell
[7.166s] DEBUG:colcon.colcon_core.shell:Skip shell extension 'dsv' for command environment
[7.592s] DEBUG:colcon.colcon_core.event_handler.log_command:Invoking command in '/workspace/colcon_ws/build/kiss_icp': CMAKE_PREFIX_PATH=${CMAKE_PREFIX_PATH}:/workspace/colcon_ws/install/lidar_calibration:/opt/ros/humble /usr/local/bin/cmake --build /workspace/colcon_ws/build/kiss_icp -- -j16 -l16
[12.058s] INFO:colcon.colcon_core.task.python.build:Building Python package in '/workspace/colcon_ws/src/lidar_calibration'
[12.059s] INFO:colcon.colcon_core.shell:Skip shell extension 'powershell' for command environment: Not usable outside of PowerShell
[12.060s] DEBUG:colcon.colcon_core.shell:Skip shell extension 'dsv' for command environment
[14.305s] DEBUG:colcon.colcon_core.event_handler.log_command:Invoked command in '/workspace/colcon_ws/build/kiss_icp' returned '0': CMAKE_PREFIX_PATH=${CMAKE_PREFIX_PATH}:/workspace/colcon_ws/install/lidar_calibration:/opt/ros/humble /usr/local/bin/cmake --build /workspace/colcon_ws/build/kiss_icp -- -j16 -l16
[14.442s] DEBUG:colcon.colcon_core.event_handler.log_command:Invoking command in '/workspace/colcon_ws/build/kiss_icp': CMAKE_PREFIX_PATH=${CMAKE_PREFIX_PATH}:/workspace/colcon_ws/install/lidar_calibration:/opt/ros/humble /usr/local/bin/cmake --install /workspace/colcon_ws/build/kiss_icp
[16.748s] Level 1:colcon.colcon_core.environment:create_environment_scripts_only(kiss_icp)
[16.753s] DEBUG:colcon.colcon_core.event_handler.log_command:Invoked command in '/workspace/colcon_ws/build/kiss_icp' returned '0': CMAKE_PREFIX_PATH=${CMAKE_PREFIX_PATH}:/workspace/colcon_ws/install/lidar_calibration:/opt/ros/humble /usr/local/bin/cmake --install /workspace/colcon_ws/build/kiss_icp
[16.802s] Level 1:colcon.colcon_core.environment:checking '/workspace/colcon_ws/install/kiss_icp' for CMake module files
[16.974s] Level 1:colcon.colcon_core.environment:checking '/workspace/colcon_ws/install/kiss_icp' for CMake config files
[17.179s] Level 1:colcon.colcon_core.shell:create_environment_hook('kiss_icp', 'cmake_prefix_path')
[17.180s] INFO:colcon.colcon_core.shell:Creating environment hook '/workspace/colcon_ws/install/kiss_icp/share/kiss_icp/hook/cmake_prefix_path.ps1'
[17.223s] INFO:colcon.colcon_core.shell:Creating environment descriptor '/workspace/colcon_ws/install/kiss_icp/share/kiss_icp/hook/cmake_prefix_path.dsv'
[17.264s] INFO:colcon.colcon_core.shell:Creating environment hook '/workspace/colcon_ws/install/kiss_icp/share/kiss_icp/hook/cmake_prefix_path.sh'
[17.323s] Level 1:colcon.colcon_core.environment:checking '/workspace/colcon_ws/install/kiss_icp/lib'
[17.332s] Level 1:colcon.colcon_core.shell:create_environment_hook('kiss_icp', 'ld_library_path_lib')
[17.333s] INFO:colcon.colcon_core.shell:Creating environment hook '/workspace/colcon_ws/install/kiss_icp/share/kiss_icp/hook/ld_library_path_lib.ps1'
[17.374s] INFO:colcon.colcon_core.shell:Creating environment descriptor '/workspace/colcon_ws/install/kiss_icp/share/kiss_icp/hook/ld_library_path_lib.dsv'
[17.417s] INFO:colcon.colcon_core.shell:Creating environment hook '/workspace/colcon_ws/install/kiss_icp/share/kiss_icp/hook/ld_library_path_lib.sh'
[17.470s] Level 1:colcon.colcon_core.environment:checking '/workspace/colcon_ws/install/kiss_icp/bin'
[17.472s] Level 1:colcon.colcon_core.environment:checking '/workspace/colcon_ws/install/kiss_icp/lib/pkgconfig/kiss_icp.pc'
[17.474s] Level 1:colcon.colcon_core.environment:checking '/workspace/colcon_ws/install/kiss_icp/lib/python3.10/site-packages'
[17.476s] Level 1:colcon.colcon_core.environment:checking '/workspace/colcon_ws/install/kiss_icp/bin'
[17.478s] INFO:colcon.colcon_core.shell:Creating package script '/workspace/colcon_ws/install/kiss_icp/share/kiss_icp/package.ps1'
[17.504s] INFO:colcon.colcon_core.shell:Creating package descriptor '/workspace/colcon_ws/install/kiss_icp/share/kiss_icp/package.dsv'
[17.544s] INFO:colcon.colcon_core.shell:Creating package script '/workspace/colcon_ws/install/kiss_icp/share/kiss_icp/package.sh'
[17.595s] INFO:colcon.colcon_core.shell:Creating package script '/workspace/colcon_ws/install/kiss_icp/share/kiss_icp/package.bash'
[17.630s] INFO:colcon.colcon_core.shell:Creating package script '/workspace/colcon_ws/install/kiss_icp/share/kiss_icp/package.zsh'
[17.663s] Level 1:colcon.colcon_core.environment:create_file_with_runtime_dependencies(/workspace/colcon_ws/install/kiss_icp/share/colcon-core/packages/kiss_icp)
[17.761s] Level 1:colcon.colcon_core.environment:create_environment_scripts_only(kiss_icp)
[17.763s] Level 1:colcon.colcon_core.environment:checking '/workspace/colcon_ws/install/kiss_icp' for CMake module files
[17.955s] Level 1:colcon.colcon_core.environment:checking '/workspace/colcon_ws/install/kiss_icp' for CMake config files
[18.135s] Level 1:colcon.colcon_core.shell:create_environment_hook('kiss_icp', 'cmake_prefix_path')
[18.137s] INFO:colcon.colcon_core.shell:Creating environment hook '/workspace/colcon_ws/install/kiss_icp/share/kiss_icp/hook/cmake_prefix_path.ps1'
[18.178s] INFO:colcon.colcon_core.shell:Creating environment descriptor '/workspace/colcon_ws/install/kiss_icp/share/kiss_icp/hook/cmake_prefix_path.dsv'
[18.222s] INFO:colcon.colcon_core.shell:Creating environment hook '/workspace/colcon_ws/install/kiss_icp/share/kiss_icp/hook/cmake_prefix_path.sh'
[18.263s] Level 1:colcon.colcon_core.environment:checking '/workspace/colcon_ws/install/kiss_icp/lib'
[18.277s] Level 1:colcon.colcon_core.shell:create_environment_hook('kiss_icp', 'ld_library_path_lib')
[18.279s] INFO:colcon.colcon_core.shell:Creating environment hook '/workspace/colcon_ws/install/kiss_icp/share/kiss_icp/hook/ld_library_path_lib.ps1'
[18.312s] INFO:colcon.colcon_core.shell:Creating environment descriptor '/workspace/colcon_ws/install/kiss_icp/share/kiss_icp/hook/ld_library_path_lib.dsv'
[18.375s] INFO:colcon.colcon_core.shell:Creating environment hook '/workspace/colcon_ws/install/kiss_icp/share/kiss_icp/hook/ld_library_path_lib.sh'
[18.424s] Level 1:colcon.colcon_core.environment:checking '/workspace/colcon_ws/install/kiss_icp/bin'
[18.425s] Level 1:colcon.colcon_core.environment:checking '/workspace/colcon_ws/install/kiss_icp/lib/pkgconfig/kiss_icp.pc'
[18.430s] Level 1:colcon.colcon_core.environment:checking '/workspace/colcon_ws/install/kiss_icp/lib/python3.10/site-packages'
[18.433s] Level 1:colcon.colcon_core.environment:checking '/workspace/colcon_ws/install/kiss_icp/bin'
[18.436s] INFO:colcon.colcon_core.shell:Creating package script '/workspace/colcon_ws/install/kiss_icp/share/kiss_icp/package.ps1'
[18.460s] INFO:colcon.colcon_core.shell:Creating package descriptor '/workspace/colcon_ws/install/kiss_icp/share/kiss_icp/package.dsv'
[18.515s] INFO:colcon.colcon_core.shell:Creating package script '/workspace/colcon_ws/install/kiss_icp/share/kiss_icp/package.sh'
[18.560s] INFO:colcon.colcon_core.shell:Creating package script '/workspace/colcon_ws/install/kiss_icp/share/kiss_icp/package.bash'
[18.592s] INFO:colcon.colcon_core.shell:Creating package script '/workspace/colcon_ws/install/kiss_icp/share/kiss_icp/package.zsh'
[18.633s] Level 1:colcon.colcon_core.environment:create_file_with_runtime_dependencies(/workspace/colcon_ws/install/kiss_icp/share/colcon-core/packages/kiss_icp)
[18.803s] DEBUG:colcon.colcon_core.event_handler.log_command:Invoking command in '/workspace/colcon_ws/src/lidar_calibration': PYTHONPATH=/workspace/colcon_ws/build/lidar_calibration/prefix_override:/usr/lib/python3/dist-packages/colcon_core/task/python/colcon_distutils_commands:/workspace/colcon_ws/install/lidar_calibration/lib/python3.10/site-packages:${PYTHONPATH} /usr/bin/python3 -W ignore:setup.py install is deprecated -W ignore:easy_install command is deprecated setup.py egg_info --egg-base ../../build/lidar_calibration build --build-base /workspace/colcon_ws/build/lidar_calibration/build install --record /workspace/colcon_ws/build/lidar_calibration/install.log --single-version-externally-managed install_data
[26.353s] Level 1:colcon.colcon_core.environment:checking '/workspace/colcon_ws/install/lidar_calibration' for CMake module files
[26.357s] DEBUG:colcon.colcon_core.event_handler.log_command:Invoked command in '/workspace/colcon_ws/src/lidar_calibration' returned '0': PYTHONPATH=/workspace/colcon_ws/build/lidar_calibration/prefix_override:/usr/lib/python3/dist-packages/colcon_core/task/python/colcon_distutils_commands:/workspace/colcon_ws/install/lidar_calibration/lib/python3.10/site-packages:${PYTHONPATH} /usr/bin/python3 -W ignore:setup.py install is deprecated -W ignore:easy_install command is deprecated setup.py egg_info --egg-base ../../build/lidar_calibration build --build-base /workspace/colcon_ws/build/lidar_calibration/build install --record /workspace/colcon_ws/build/lidar_calibration/install.log --single-version-externally-managed install_data
[26.506s] Level 1:colcon.colcon_core.environment:checking '/workspace/colcon_ws/install/lidar_calibration' for CMake config files
[26.781s] Level 1:colcon.colcon_core.environment:checking '/workspace/colcon_ws/install/lidar_calibration/lib'
[26.791s] Level 1:colcon.colcon_core.environment:checking '/workspace/colcon_ws/install/lidar_calibration/bin'
[26.793s] Level 1:colcon.colcon_core.environment:checking '/workspace/colcon_ws/install/lidar_calibration/lib/pkgconfig/lidar_calibration.pc'
[26.797s] Level 1:colcon.colcon_core.environment:checking '/workspace/colcon_ws/install/lidar_calibration/lib/python3.10/site-packages'
[26.808s] Level 1:colcon.colcon_core.shell:create_environment_hook('lidar_calibration', 'pythonpath')
[26.812s] INFO:colcon.colcon_core.shell:Creating environment hook '/workspace/colcon_ws/install/lidar_calibration/share/lidar_calibration/hook/pythonpath.ps1'
[26.855s] INFO:colcon.colcon_core.shell:Creating environment descriptor '/workspace/colcon_ws/install/lidar_calibration/share/lidar_calibration/hook/pythonpath.dsv'
[26.909s] INFO:colcon.colcon_core.shell:Creating environment hook '/workspace/colcon_ws/install/lidar_calibration/share/lidar_calibration/hook/pythonpath.sh'
[26.952s] Level 1:colcon.colcon_core.environment:checking '/workspace/colcon_ws/install/lidar_calibration/bin'
[26.955s] Level 1:colcon.colcon_core.environment:create_environment_scripts_only(lidar_calibration)
[26.958s] INFO:colcon.colcon_core.shell:Creating package script '/workspace/colcon_ws/install/lidar_calibration/share/lidar_calibration/package.ps1'
[26.995s] INFO:colcon.colcon_core.shell:Creating package descriptor '/workspace/colcon_ws/install/lidar_calibration/share/lidar_calibration/package.dsv'
[27.048s] INFO:colcon.colcon_core.shell:Creating package script '/workspace/colcon_ws/install/lidar_calibration/share/lidar_calibration/package.sh'
[27.102s] INFO:colcon.colcon_core.shell:Creating package script '/workspace/colcon_ws/install/lidar_calibration/share/lidar_calibration/package.bash'
[27.151s] INFO:colcon.colcon_core.shell:Creating package script '/workspace/colcon_ws/install/lidar_calibration/share/lidar_calibration/package.zsh'
[27.197s] Level 1:colcon.colcon_core.environment:create_file_with_runtime_dependencies(/workspace/colcon_ws/install/lidar_calibration/share/colcon-core/packages/lidar_calibration)
[27.230s] DEBUG:colcon.colcon_parallel_executor.executor.parallel:closing loop
[27.232s] DEBUG:colcon.colcon_parallel_executor.executor.parallel:loop closed
[27.233s] DEBUG:colcon.colcon_parallel_executor.executor.parallel:run_until_complete finished with '0'
[27.233s] DEBUG:colcon.colcon_core.event_reactor:joining thread
[27.411s] INFO:colcon.colcon_core.plugin_system:Skipping extension 'colcon_notification.desktop_notification.notify_send': Could not find 'notify-send'
[27.411s] INFO:colcon.colcon_core.plugin_system:Skipping extension 'colcon_notification.desktop_notification.terminal_notifier': Not used on non-Darwin systems
[27.412s] INFO:colcon.colcon_core.plugin_system:Skipping extension 'colcon_notification.desktop_notification.win32': Not used on non-Windows systems
[27.413s] INFO:colcon.colcon_notification.desktop_notification:Sending desktop notification using 'notify2'
[27.461s] DEBUG:colcon.colcon_notification.desktop_notification.notify2:Failed to initialize notify2: org.freedesktop.DBus.Error.Spawn.ExecFailed: /usr/bin/dbus-launch terminated abnormally without any error message
[27.463s] DEBUG:colcon.colcon_core.event_reactor:joined thread
[27.465s] INFO:colcon.colcon_core.shell:Creating prefix script '/workspace/colcon_ws/install/local_setup.ps1'
[27.478s] INFO:colcon.colcon_core.shell:Creating prefix util module '/workspace/colcon_ws/install/_local_setup_util_ps1.py'
[27.503s] INFO:colcon.colcon_core.shell:Creating prefix chain script '/workspace/colcon_ws/install/setup.ps1'
[27.566s] INFO:colcon.colcon_core.shell:Creating prefix script '/workspace/colcon_ws/install/local_setup.sh'
[27.597s] INFO:colcon.colcon_core.shell:Creating prefix util module '/workspace/colcon_ws/install/_local_setup_util_sh.py'
[27.614s] INFO:colcon.colcon_core.shell:Creating prefix chain script '/workspace/colcon_ws/install/setup.sh'
[27.687s] INFO:colcon.colcon_core.shell:Creating prefix script '/workspace/colcon_ws/install/local_setup.bash'
[27.704s] INFO:colcon.colcon_core.shell:Creating prefix chain script '/workspace/colcon_ws/install/setup.bash'
[27.766s] INFO:colcon.colcon_core.shell:Creating prefix script '/workspace/colcon_ws/install/local_setup.zsh'
[27.787s] INFO:colcon.colcon_core.shell:Creating prefix chain script '/workspace/colcon_ws/install/setup.zsh'
